=== puma startup: 2017-07-23 14:53:04 -0400 ===
/home/andy/.rvm/gems/ruby-2.2.7/gems/puma-3.4.0/lib/puma/launcher.rb:130:in `initialize': No such file or directory @ rb_sysopen - /home/andy/dev/punkpark/shared/pids/puma.pid (Errno::ENOENT)
	from /home/andy/.rvm/gems/ruby-2.2.7/gems/puma-3.4.0/lib/puma/launcher.rb:130:in `open'
	from /home/andy/.rvm/gems/ruby-2.2.7/gems/puma-3.4.0/lib/puma/launcher.rb:130:in `write_pid'
	from /home/andy/.rvm/gems/ruby-2.2.7/gems/puma-3.4.0/lib/puma/launcher.rb:105:in `write_state'
	from /home/andy/.rvm/gems/ruby-2.2.7/gems/puma-3.4.0/lib/puma/cluster.rb:418:in `run'
	from /home/andy/.rvm/gems/ruby-2.2.7/gems/puma-3.4.0/lib/puma/launcher.rb:172:in `run'
	from /home/andy/.rvm/gems/ruby-2.2.7/gems/puma-3.4.0/lib/rack/handler/puma.rb:51:in `run'
	from /home/andy/.rvm/gems/ruby-2.2.7/gems/rack-2.0.3/lib/rack/server.rb:297:in `start'
	from /home/andy/.rvm/gems/ruby-2.2.7/gems/railties-5.0.0/lib/rails/commands/server.rb:79:in `start'
	from /home/andy/.rvm/gems/ruby-2.2.7/gems/railties-5.0.0/lib/rails/commands/commands_tasks.rb:90:in `block in server'
	from /home/andy/.rvm/gems/ruby-2.2.7/gems/railties-5.0.0/lib/rails/commands/commands_tasks.rb:85:in `tap'
	from /home/andy/.rvm/gems/ruby-2.2.7/gems/railties-5.0.0/lib/rails/commands/commands_tasks.rb:85:in `server'
	from /home/andy/.rvm/gems/ruby-2.2.7/gems/railties-5.0.0/lib/rails/commands/commands_tasks.rb:49:in `run_command!'
	from /home/andy/.rvm/gems/ruby-2.2.7/gems/railties-5.0.0/lib/rails/commands.rb:18:in `<top (required)>'
	from bin/rails:4:in `require'
	from bin/rails:4:in `<main>'
=== puma startup: 2017-07-23 14:53:20 -0400 ===
=== puma startup: 2017-07-23 14:53:56 -0400 ===
2017-07-23 15:28:10 -0400: HTTP parse error, malformed request (): #<Puma::HttpParserError: Invalid HTTP format, parsing fails.>
2017-07-23 15:28:10 -0400: ENV: {"rack.version"=>[1, 3], "rack.errors"=>#<IO:/home/andy/dev/punkpark/shared/log/puma.stderr.log>, "rack.multithread"=>true, "rack.multiprocess"=>false, "rack.run_once"=>false, "SCRIPT_NAME"=>"", "QUERY_STRING"=>"", "SERVER_PROTOCOL"=>"HTTP/1.1", "SERVER_SOFTWARE"=>"puma 3.4.0 Owl Bowl Brawl", "GATEWAY_INTERFACE"=>"CGI/1.2", "REQUEST_METHOD"=>"GET"}
---
=== puma startup: 2017-08-02 23:15:33 -0400 ===
2017-08-02 23:15:42 -0400: HTTP parse error, malformed request (): #<Puma::HttpParserError: Invalid HTTP format, parsing fails.>
2017-08-02 23:15:42 -0400: ENV: {"rack.version"=>[1, 3], "rack.errors"=>#<IO:/home/andy/dev/punkpark/shared/log/puma.stderr.log>, "rack.multithread"=>true, "rack.multiprocess"=>false, "rack.run_once"=>false, "SCRIPT_NAME"=>"", "QUERY_STRING"=>"", "SERVER_PROTOCOL"=>"HTTP/1.1", "SERVER_SOFTWARE"=>"puma 3.4.0 Owl Bowl Brawl", "GATEWAY_INTERFACE"=>"CGI/1.2"}
---
2017-08-02 23:15:42 -0400: HTTP parse error, malformed request (): #<Puma::HttpParserError: Invalid HTTP format, parsing fails.>
2017-08-02 23:15:42 -0400: ENV: {"rack.version"=>[1, 3], "rack.errors"=>#<IO:/home/andy/dev/punkpark/shared/log/puma.stderr.log>, "rack.multithread"=>true, "rack.multiprocess"=>false, "rack.run_once"=>false, "SCRIPT_NAME"=>"", "QUERY_STRING"=>"", "SERVER_PROTOCOL"=>"HTTP/1.1", "SERVER_SOFTWARE"=>"puma 3.4.0 Owl Bowl Brawl", "GATEWAY_INTERFACE"=>"CGI/1.2"}
---
2017-08-02 23:15:42 -0400: HTTP parse error, malformed request (): #<Puma::HttpParserError: Invalid HTTP format, parsing fails.>
2017-08-02 23:15:42 -0400: ENV: {"rack.version"=>[1, 3], "rack.errors"=>#<IO:/home/andy/dev/punkpark/shared/log/puma.stderr.log>, "rack.multithread"=>true, "rack.multiprocess"=>false, "rack.run_once"=>false, "SCRIPT_NAME"=>"", "QUERY_STRING"=>"", "SERVER_PROTOCOL"=>"HTTP/1.1", "SERVER_SOFTWARE"=>"puma 3.4.0 Owl Bowl Brawl", "GATEWAY_INTERFACE"=>"CGI/1.2"}
---
2017-08-02 23:15:42 -0400: HTTP parse error, malformed request (): #<Puma::HttpParserError: Invalid HTTP format, parsing fails.>
2017-08-02 23:15:42 -0400: ENV: {"rack.version"=>[1, 3], "rack.errors"=>#<IO:/home/andy/dev/punkpark/shared/log/puma.stderr.log>, "rack.multithread"=>true, "rack.multiprocess"=>false, "rack.run_once"=>false, "SCRIPT_NAME"=>"", "QUERY_STRING"=>"", "SERVER_PROTOCOL"=>"HTTP/1.1", "SERVER_SOFTWARE"=>"puma 3.4.0 Owl Bowl Brawl", "GATEWAY_INTERFACE"=>"CGI/1.2"}
---
2017-08-02 23:15:42 -0400: HTTP parse error, malformed request (): #<Puma::HttpParserError: Invalid HTTP format, parsing fails.>
2017-08-02 23:15:42 -0400: ENV: {"rack.version"=>[1, 3], "rack.errors"=>#<IO:/home/andy/dev/punkpark/shared/log/puma.stderr.log>, "rack.multithread"=>true, "rack.multiprocess"=>false, "rack.run_once"=>false, "SCRIPT_NAME"=>"", "QUERY_STRING"=>"", "SERVER_PROTOCOL"=>"HTTP/1.1", "SERVER_SOFTWARE"=>"puma 3.4.0 Owl Bowl Brawl", "GATEWAY_INTERFACE"=>"CGI/1.2"}
---
2017-08-02 23:15:42 -0400: HTTP parse error, malformed request (): #<Puma::HttpParserError: Invalid HTTP format, parsing fails.>
2017-08-02 23:15:42 -0400: ENV: {"rack.version"=>[1, 3], "rack.errors"=>#<IO:/home/andy/dev/punkpark/shared/log/puma.stderr.log>, "rack.multithread"=>true, "rack.multiprocess"=>false, "rack.run_once"=>false, "SCRIPT_NAME"=>"", "QUERY_STRING"=>"", "SERVER_PROTOCOL"=>"HTTP/1.1", "SERVER_SOFTWARE"=>"puma 3.4.0 Owl Bowl Brawl", "GATEWAY_INTERFACE"=>"CGI/1.2"}
---
2017-08-02 23:15:42 -0400: HTTP parse error, malformed request (): #<Puma::HttpParserError: Invalid HTTP format, parsing fails.>
2017-08-02 23:15:42 -0400: ENV: {"rack.version"=>[1, 3], "rack.errors"=>#<IO:/home/andy/dev/punkpark/shared/log/puma.stderr.log>, "rack.multithread"=>true, "rack.multiprocess"=>false, "rack.run_once"=>false, "SCRIPT_NAME"=>"", "QUERY_STRING"=>"", "SERVER_PROTOCOL"=>"HTTP/1.1", "SERVER_SOFTWARE"=>"puma 3.4.0 Owl Bowl Brawl", "GATEWAY_INTERFACE"=>"CGI/1.2"}
---
=== puma startup: 2017-08-02 23:30:03 -0400 ===
=== puma startup: 2017-08-03 17:28:34 -0400 ===
=== puma startup: 2017-08-03 18:38:28 -0400 ===
=== puma startup: 2017-08-03 20:58:48 -0400 ===
2017-08-03 21:00:35 -0400: HTTP parse error, malformed request (): #<Puma::HttpParserError: Invalid HTTP format, parsing fails.>
2017-08-03 21:00:35 -0400: ENV: {"rack.version"=>[1, 3], "rack.errors"=>#<IO:/home/andy/dev/punkpark/shared/log/puma.stderr.log>, "rack.multithread"=>true, "rack.multiprocess"=>false, "rack.run_once"=>false, "SCRIPT_NAME"=>"", "QUERY_STRING"=>"", "SERVER_PROTOCOL"=>"HTTP/1.1", "SERVER_SOFTWARE"=>"puma 3.4.0 Owl Bowl Brawl", "GATEWAY_INTERFACE"=>"CGI/1.2"}
---
2017-08-03 21:00:35 -0400: HTTP parse error, malformed request (): #<Puma::HttpParserError: Invalid HTTP format, parsing fails.>
2017-08-03 21:00:35 -0400: ENV: {"rack.version"=>[1, 3], "rack.errors"=>#<IO:/home/andy/dev/punkpark/shared/log/puma.stderr.log>, "rack.multithread"=>true, "rack.multiprocess"=>false, "rack.run_once"=>false, "SCRIPT_NAME"=>"", "QUERY_STRING"=>"", "SERVER_PROTOCOL"=>"HTTP/1.1", "SERVER_SOFTWARE"=>"puma 3.4.0 Owl Bowl Brawl", "GATEWAY_INTERFACE"=>"CGI/1.2"}
---
2017-08-03 21:00:35 -0400: HTTP parse error, malformed request (): #<Puma::HttpParserError: Invalid HTTP format, parsing fails.>
2017-08-03 21:00:35 -0400: ENV: {"rack.version"=>[1, 3], "rack.errors"=>#<IO:/home/andy/dev/punkpark/shared/log/puma.stderr.log>, "rack.multithread"=>true, "rack.multiprocess"=>false, "rack.run_once"=>false, "SCRIPT_NAME"=>"", "QUERY_STRING"=>"", "SERVER_PROTOCOL"=>"HTTP/1.1", "SERVER_SOFTWARE"=>"puma 3.4.0 Owl Bowl Brawl", "GATEWAY_INTERFACE"=>"CGI/1.2"}
---
2017-08-03 21:00:35 -0400: HTTP parse error, malformed request (): #<Puma::HttpParserError: Invalid HTTP format, parsing fails.>
2017-08-03 21:00:35 -0400: ENV: {"rack.version"=>[1, 3], "rack.errors"=>#<IO:/home/andy/dev/punkpark/shared/log/puma.stderr.log>, "rack.multithread"=>true, "rack.multiprocess"=>false, "rack.run_once"=>false, "SCRIPT_NAME"=>"", "QUERY_STRING"=>"", "SERVER_PROTOCOL"=>"HTTP/1.1", "SERVER_SOFTWARE"=>"puma 3.4.0 Owl Bowl Brawl", "GATEWAY_INTERFACE"=>"CGI/1.2"}
---
2017-08-03 21:00:35 -0400: HTTP parse error, malformed request (): #<Puma::HttpParserError: Invalid HTTP format, parsing fails.>
2017-08-03 21:00:35 -0400: ENV: {"rack.version"=>[1, 3], "rack.errors"=>#<IO:/home/andy/dev/punkpark/shared/log/puma.stderr.log>, "rack.multithread"=>true, "rack.multiprocess"=>false, "rack.run_once"=>false, "SCRIPT_NAME"=>"", "QUERY_STRING"=>"", "SERVER_PROTOCOL"=>"HTTP/1.1", "SERVER_SOFTWARE"=>"puma 3.4.0 Owl Bowl Brawl", "GATEWAY_INTERFACE"=>"CGI/1.2"}
---
2017-08-03 21:00:35 -0400: HTTP parse error, malformed request (): #<Puma::HttpParserError: Invalid HTTP format, parsing fails.>
2017-08-03 21:00:35 -0400: ENV: {"rack.version"=>[1, 3], "rack.errors"=>#<IO:/home/andy/dev/punkpark/shared/log/puma.stderr.log>, "rack.multithread"=>true, "rack.multiprocess"=>false, "rack.run_once"=>false, "SCRIPT_NAME"=>"", "QUERY_STRING"=>"", "SERVER_PROTOCOL"=>"HTTP/1.1", "SERVER_SOFTWARE"=>"puma 3.4.0 Owl Bowl Brawl", "GATEWAY_INTERFACE"=>"CGI/1.2"}
---
2017-08-03 21:00:36 -0400: HTTP parse error, malformed request (): #<Puma::HttpParserError: Invalid HTTP format, parsing fails.>
2017-08-03 21:00:36 -0400: ENV: {"rack.version"=>[1, 3], "rack.errors"=>#<IO:/home/andy/dev/punkpark/shared/log/puma.stderr.log>, "rack.multithread"=>true, "rack.multiprocess"=>false, "rack.run_once"=>false, "SCRIPT_NAME"=>"", "QUERY_STRING"=>"", "SERVER_PROTOCOL"=>"HTTP/1.1", "SERVER_SOFTWARE"=>"puma 3.4.0 Owl Bowl Brawl", "GATEWAY_INTERFACE"=>"CGI/1.2"}
---
/home/andy/.rvm/gems/ruby-2.2.7/gems/puma-3.4.0/lib/puma/server.rb:364:in `close': can't modify frozen IOError (RuntimeError)
	from /home/andy/.rvm/gems/ruby-2.2.7/gems/puma-3.4.0/lib/puma/server.rb:364:in `ensure in handle_servers'
	from /home/andy/.rvm/gems/ruby-2.2.7/gems/puma-3.4.0/lib/puma/server.rb:368:in `handle_servers'
	from /home/andy/.rvm/gems/ruby-2.2.7/gems/puma-3.4.0/lib/puma/server.rb:297:in `block in run'
=== puma startup: 2017-08-03 22:41:07 -0400 ===
<<<<<<< HEAD
=== puma startup: 2017-08-03 23:12:50 -0400 ====== puma startup: 2017-08-03 23:12:50 -0400 ===

=== puma startup: 2017-08-03 23:12:50 -0400 ===
=== puma startup: 2017-08-03 23:12:50 -0400 ===
=== puma startup: 2017-08-03 23:12:50 -0400 ===
2017-08-04 17:16:53 -0400: HTTP parse error, malformed request (): #<Puma::HttpParserError: Invalid HTTP format, parsing fails.>
2017-08-04 17:16:53 -0400: ENV: {"rack.version"=>[1, 3], "rack.errors"=>#<IO:/home/andy/dev/punkpark/shared/log/puma.stderr.log>, "rack.multithread"=>true, "rack.multiprocess"=>false, "rack.run_once"=>false, "SCRIPT_NAME"=>"", "QUERY_STRING"=>"", "SERVER_PROTOCOL"=>"HTTP/1.1", "SERVER_SOFTWARE"=>"puma 3.4.0 Owl Bowl Brawl", "GATEWAY_INTERFACE"=>"CGI/1.2"}
---
2017-08-04 17:16:53 -0400: HTTP parse error, malformed request (): #<Puma::HttpParserError: Invalid HTTP format, parsing fails.>
2017-08-04 17:16:53 -0400: ENV: {"rack.version"=>[1, 3], "rack.errors"=>#<IO:/home/andy/dev/punkpark/shared/log/puma.stderr.log>, "rack.multithread"=>true, "rack.multiprocess"=>false, "rack.run_once"=>false, "SCRIPT_NAME"=>"", "QUERY_STRING"=>"", "SERVER_PROTOCOL"=>"HTTP/1.1", "SERVER_SOFTWARE"=>"puma 3.4.0 Owl Bowl Brawl", "GATEWAY_INTERFACE"=>"CGI/1.2"}
---
2017-08-04 17:16:53 -0400: HTTP parse error, malformed request (): #<Puma::HttpParserError: Invalid HTTP format, parsing fails.>
2017-08-04 17:16:53 -0400: ENV: {"rack.version"=>[1, 3], "rack.errors"=>#<IO:/home/andy/dev/punkpark/shared/log/puma.stderr.log>, "rack.multithread"=>true, "rack.multiprocess"=>false, "rack.run_once"=>false, "SCRIPT_NAME"=>"", "QUERY_STRING"=>"", "SERVER_PROTOCOL"=>"HTTP/1.1", "SERVER_SOFTWARE"=>"puma 3.4.0 Owl Bowl Brawl", "GATEWAY_INTERFACE"=>"CGI/1.2"}
---
2017-08-04 17:16:53 -0400: HTTP parse error, malformed request (): #<Puma::HttpParserError: Invalid HTTP format, parsing fails.>
2017-08-04 17:16:53 -0400: ENV: {"rack.version"=>[1, 3], "rack.errors"=>#<IO:/home/andy/dev/punkpark/shared/log/puma.stderr.log>, "rack.multithread"=>true, "rack.multiprocess"=>false, "rack.run_once"=>false, "SCRIPT_NAME"=>"", "QUERY_STRING"=>"", "SERVER_PROTOCOL"=>"HTTP/1.1", "SERVER_SOFTWARE"=>"puma 3.4.0 Owl Bowl Brawl", "GATEWAY_INTERFACE"=>"CGI/1.2"}
---
2017-08-04 17:16:53 -0400: HTTP parse error, malformed request (): #<Puma::HttpParserError: Invalid HTTP format, parsing fails.>
2017-08-04 17:16:53 -0400: ENV: {"rack.version"=>[1, 3], "rack.errors"=>#<IO:/home/andy/dev/punkpark/shared/log/puma.stderr.log>, "rack.multithread"=>true, "rack.multiprocess"=>false, "rack.run_once"=>false, "SCRIPT_NAME"=>"", "QUERY_STRING"=>"", "SERVER_PROTOCOL"=>"HTTP/1.1", "SERVER_SOFTWARE"=>"puma 3.4.0 Owl Bowl Brawl", "GATEWAY_INTERFACE"=>"CGI/1.2"}
---
2017-08-04 17:16:53 -0400: HTTP parse error, malformed request (): #<Puma::HttpParserError: Invalid HTTP format, parsing fails.>
2017-08-04 17:16:53 -0400: ENV: {"rack.version"=>[1, 3], "rack.errors"=>#<IO:/home/andy/dev/punkpark/shared/log/puma.stderr.log>, "rack.multithread"=>true, "rack.multiprocess"=>false, "rack.run_once"=>false, "SCRIPT_NAME"=>"", "QUERY_STRING"=>"", "SERVER_PROTOCOL"=>"HTTP/1.1", "SERVER_SOFTWARE"=>"puma 3.4.0 Owl Bowl Brawl", "GATEWAY_INTERFACE"=>"CGI/1.2"}
---
2017-08-04 17:16:53 -0400: HTTP parse error, malformed request (): #<Puma::HttpParserError: Invalid HTTP format, parsing fails.>
2017-08-04 17:16:53 -0400: ENV: {"rack.version"=>[1, 3], "rack.errors"=>#<IO:/home/andy/dev/punkpark/shared/log/puma.stderr.log>, "rack.multithread"=>true, "rack.multiprocess"=>false, "rack.run_once"=>false, "SCRIPT_NAME"=>"", "QUERY_STRING"=>"", "SERVER_PROTOCOL"=>"HTTP/1.1", "SERVER_SOFTWARE"=>"puma 3.4.0 Owl Bowl Brawl", "GATEWAY_INTERFACE"=>"CGI/1.2"}
---
2017-08-04 17:16:53 -0400: HTTP parse error, malformed request (): #<Puma::HttpParserError: Invalid HTTP format, parsing fails.>
2017-08-04 17:16:53 -0400: ENV: {"rack.version"=>[1, 3], "rack.errors"=>#<IO:/home/andy/dev/punkpark/shared/log/puma.stderr.log>, "rack.multithread"=>true, "rack.multiprocess"=>false, "rack.run_once"=>false, "SCRIPT_NAME"=>"", "QUERY_STRING"=>"", "SERVER_PROTOCOL"=>"HTTP/1.1", "SERVER_SOFTWARE"=>"puma 3.4.0 Owl Bowl Brawl", "GATEWAY_INTERFACE"=>"CGI/1.2"}
---
=== puma startup: 2017-08-13 18:12:56 -0400 ===
=======
=== puma startup: 2017-08-04 06:20:29 -0700 ===
2017-08-04 06:21:35 -0700: Rack app error: #<ActiveRecord::ConnectionTimeoutError: could not obtain a connection from the pool within 5.000 seconds (waited 5.011 seconds); all pooled connections were in use>
/home/andy/.rvm/gems/ruby-2.2.2/gems/activerecord-5.0.0/lib/active_record/connection_adapters/abstract/connection_pool.rb:202:in `block in wait_poll'
/home/andy/.rvm/gems/ruby-2.2.2/gems/activerecord-5.0.0/lib/active_record/connection_adapters/abstract/connection_pool.rb:193:in `loop'
/home/andy/.rvm/gems/ruby-2.2.2/gems/activerecord-5.0.0/lib/active_record/connection_adapters/abstract/connection_pool.rb:193:in `wait_poll'
/home/andy/.rvm/gems/ruby-2.2.2/gems/activerecord-5.0.0/lib/active_record/connection_adapters/abstract/connection_pool.rb:154:in `internal_poll'
/home/andy/.rvm/gems/ruby-2.2.2/gems/activerecord-5.0.0/lib/active_record/connection_adapters/abstract/connection_pool.rb:278:in `internal_poll'
/home/andy/.rvm/gems/ruby-2.2.2/gems/activerecord-5.0.0/lib/active_record/connection_adapters/abstract/connection_pool.rb:148:in `block in poll'
/home/andy/.rvm/rubies/ruby-2.2.2/lib/ruby/2.2.0/monitor.rb:211:in `mon_synchronize'
/home/andy/.rvm/gems/ruby-2.2.2/gems/activerecord-5.0.0/lib/active_record/connection_adapters/abstract/connection_pool.rb:158:in `synchronize'
/home/andy/.rvm/gems/ruby-2.2.2/gems/activerecord-5.0.0/lib/active_record/connection_adapters/abstract/connection_pool.rb:148:in `poll'
/home/andy/.rvm/gems/ruby-2.2.2/gems/activerecord-5.0.0/lib/active_record/connection_adapters/abstract/connection_pool.rb:709:in `acquire_connection'
/home/andy/.rvm/gems/ruby-2.2.2/gems/activerecord-5.0.0/lib/active_record/connection_adapters/abstract/connection_pool.rb:501:in `checkout'
/home/andy/.rvm/gems/ruby-2.2.2/gems/activerecord-5.0.0/lib/active_record/connection_adapters/abstract/connection_pool.rb:364:in `connection'
/home/andy/.rvm/gems/ruby-2.2.2/gems/activerecord-5.0.0/lib/active_record/connection_adapters/abstract/connection_pool.rb:875:in `retrieve_connection'
/home/andy/.rvm/gems/ruby-2.2.2/gems/activerecord-5.0.0/lib/active_record/connection_handling.rb:128:in `retrieve_connection'
/home/andy/.rvm/gems/ruby-2.2.2/gems/activerecord-5.0.0/lib/active_record/connection_handling.rb:91:in `connection'
/home/andy/.rvm/gems/ruby-2.2.2/gems/activerecord-5.0.0/lib/active_record/query_cache.rb:47:in `block in install_executor_hooks'
/home/andy/.rvm/gems/ruby-2.2.2/gems/activesupport-5.0.0/lib/active_support/callbacks.rb:396:in `instance_exec'
/home/andy/.rvm/gems/ruby-2.2.2/gems/activesupport-5.0.0/lib/active_support/callbacks.rb:396:in `block in make_lambda'
/home/andy/.rvm/gems/ruby-2.2.2/gems/activesupport-5.0.0/lib/active_support/callbacks.rb:169:in `call'
/home/andy/.rvm/gems/ruby-2.2.2/gems/activesupport-5.0.0/lib/active_support/callbacks.rb:169:in `block (2 levels) in halting'
/home/andy/.rvm/gems/ruby-2.2.2/gems/activesupport-5.0.0/lib/active_support/callbacks.rb:547:in `call'
/home/andy/.rvm/gems/ruby-2.2.2/gems/activesupport-5.0.0/lib/active_support/callbacks.rb:547:in `block (2 levels) in default_terminator'
/home/andy/.rvm/gems/ruby-2.2.2/gems/activesupport-5.0.0/lib/active_support/callbacks.rb:546:in `catch'
/home/andy/.rvm/gems/ruby-2.2.2/gems/activesupport-5.0.0/lib/active_support/callbacks.rb:546:in `block in default_terminator'
/home/andy/.rvm/gems/ruby-2.2.2/gems/activesupport-5.0.0/lib/active_support/callbacks.rb:170:in `call'
/home/andy/.rvm/gems/ruby-2.2.2/gems/activesupport-5.0.0/lib/active_support/callbacks.rb:170:in `block in halting'
/home/andy/.rvm/gems/ruby-2.2.2/gems/activesupport-5.0.0/lib/active_support/callbacks.rb:454:in `call'
/home/andy/.rvm/gems/ruby-2.2.2/gems/activesupport-5.0.0/lib/active_support/callbacks.rb:454:in `block in call'
/home/andy/.rvm/gems/ruby-2.2.2/gems/activesupport-5.0.0/lib/active_support/callbacks.rb:454:in `each'
/home/andy/.rvm/gems/ruby-2.2.2/gems/activesupport-5.0.0/lib/active_support/callbacks.rb:454:in `call'
/home/andy/.rvm/gems/ruby-2.2.2/gems/activesupport-5.0.0/lib/active_support/callbacks.rb:101:in `__run_callbacks__'
/home/andy/.rvm/gems/ruby-2.2.2/gems/activesupport-5.0.0/lib/active_support/callbacks.rb:750:in `_run_complete_callbacks'
/home/andy/.rvm/gems/ruby-2.2.2/gems/activesupport-5.0.0/lib/active_support/callbacks.rb:90:in `run_callbacks'
/home/andy/.rvm/gems/ruby-2.2.2/gems/activesupport-5.0.0/lib/active_support/execution_wrapper.rb:107:in `complete!'
/home/andy/.rvm/gems/ruby-2.2.2/gems/activesupport-5.0.0/lib/active_support/execution_wrapper.rb:64:in `ensure in block in run!'
/home/andy/.rvm/gems/ruby-2.2.2/gems/activesupport-5.0.0/lib/active_support/execution_wrapper.rb:64:in `block in run!'
/home/andy/.rvm/gems/ruby-2.2.2/gems/activesupport-5.0.0/lib/active_support/execution_wrapper.rb:58:in `tap'
/home/andy/.rvm/gems/ruby-2.2.2/gems/activesupport-5.0.0/lib/active_support/execution_wrapper.rb:58:in `run!'
/home/andy/.rvm/gems/ruby-2.2.2/gems/actionpack-5.0.0/lib/action_dispatch/middleware/executor.rb:10:in `call'
/home/andy/.rvm/gems/ruby-2.2.2/gems/actionpack-5.0.0/lib/action_dispatch/middleware/static.rb:136:in `call'
/home/andy/.rvm/gems/ruby-2.2.2/gems/rack-2.0.3/lib/rack/sendfile.rb:111:in `call'
/home/andy/.rvm/gems/ruby-2.2.2/gems/railties-5.0.0/lib/rails/engine.rb:522:in `call'
/home/andy/.rvm/gems/ruby-2.2.2/gems/puma-3.4.0/lib/puma/configuration.rb:224:in `call'
/home/andy/.rvm/gems/ruby-2.2.2/gems/puma-3.4.0/lib/puma/server.rb:569:in `handle_request'
/home/andy/.rvm/gems/ruby-2.2.2/gems/puma-3.4.0/lib/puma/server.rb:406:in `process_client'
/home/andy/.rvm/gems/ruby-2.2.2/gems/puma-3.4.0/lib/puma/server.rb:271:in `block in run'
/home/andy/.rvm/gems/ruby-2.2.2/gems/puma-3.4.0/lib/puma/thread_pool.rb:114:in `call'
/home/andy/.rvm/gems/ruby-2.2.2/gems/puma-3.4.0/lib/puma/thread_pool.rb:114:in `block in spawn_thread'
/home/andy/.rvm/gems/ruby-2.2.2/gems/logging-2.2.2/lib/logging/diagnostic_context.rb:474:in `call'
/home/andy/.rvm/gems/ruby-2.2.2/gems/logging-2.2.2/lib/logging/diagnostic_context.rb:474:in `block in create_with_logging_context'
2017-08-04 06:22:02 -0700: Rack app error: #<ActiveRecord::ConnectionTimeoutError: could not obtain a connection from the pool within 5.000 seconds (waited 5.001 seconds); all pooled connections were in use>
/home/andy/.rvm/gems/ruby-2.2.2/gems/activerecord-5.0.0/lib/active_record/connection_adapters/abstract/connection_pool.rb:202:in `block in wait_poll'
/home/andy/.rvm/gems/ruby-2.2.2/gems/activerecord-5.0.0/lib/active_record/connection_adapters/abstract/connection_pool.rb:193:in `loop'
/home/andy/.rvm/gems/ruby-2.2.2/gems/activerecord-5.0.0/lib/active_record/connection_adapters/abstract/connection_pool.rb:193:in `wait_poll'
/home/andy/.rvm/gems/ruby-2.2.2/gems/activerecord-5.0.0/lib/active_record/connection_adapters/abstract/connection_pool.rb:154:in `internal_poll'
/home/andy/.rvm/gems/ruby-2.2.2/gems/activerecord-5.0.0/lib/active_record/connection_adapters/abstract/connection_pool.rb:278:in `internal_poll'
/home/andy/.rvm/gems/ruby-2.2.2/gems/activerecord-5.0.0/lib/active_record/connection_adapters/abstract/connection_pool.rb:148:in `block in poll'
/home/andy/.rvm/rubies/ruby-2.2.2/lib/ruby/2.2.0/monitor.rb:211:in `mon_synchronize'
/home/andy/.rvm/gems/ruby-2.2.2/gems/activerecord-5.0.0/lib/active_record/connection_adapters/abstract/connection_pool.rb:158:in `synchronize'
/home/andy/.rvm/gems/ruby-2.2.2/gems/activerecord-5.0.0/lib/active_record/connection_adapters/abstract/connection_pool.rb:148:in `poll'
/home/andy/.rvm/gems/ruby-2.2.2/gems/activerecord-5.0.0/lib/active_record/connection_adapters/abstract/connection_pool.rb:709:in `acquire_connection'
/home/andy/.rvm/gems/ruby-2.2.2/gems/activerecord-5.0.0/lib/active_record/connection_adapters/abstract/connection_pool.rb:501:in `checkout'
/home/andy/.rvm/gems/ruby-2.2.2/gems/activerecord-5.0.0/lib/active_record/connection_adapters/abstract/connection_pool.rb:364:in `connection'
/home/andy/.rvm/gems/ruby-2.2.2/gems/activerecord-5.0.0/lib/active_record/connection_adapters/abstract/connection_pool.rb:875:in `retrieve_connection'
/home/andy/.rvm/gems/ruby-2.2.2/gems/activerecord-5.0.0/lib/active_record/connection_handling.rb:128:in `retrieve_connection'
/home/andy/.rvm/gems/ruby-2.2.2/gems/activerecord-5.0.0/lib/active_record/connection_handling.rb:91:in `connection'
/home/andy/.rvm/gems/ruby-2.2.2/gems/activerecord-5.0.0/lib/active_record/query_cache.rb:47:in `block in install_executor_hooks'
/home/andy/.rvm/gems/ruby-2.2.2/gems/activesupport-5.0.0/lib/active_support/callbacks.rb:396:in `instance_exec'
/home/andy/.rvm/gems/ruby-2.2.2/gems/activesupport-5.0.0/lib/active_support/callbacks.rb:396:in `block in make_lambda'
/home/andy/.rvm/gems/ruby-2.2.2/gems/activesupport-5.0.0/lib/active_support/callbacks.rb:169:in `call'
/home/andy/.rvm/gems/ruby-2.2.2/gems/activesupport-5.0.0/lib/active_support/callbacks.rb:169:in `block (2 levels) in halting'
/home/andy/.rvm/gems/ruby-2.2.2/gems/activesupport-5.0.0/lib/active_support/callbacks.rb:547:in `call'
/home/andy/.rvm/gems/ruby-2.2.2/gems/activesupport-5.0.0/lib/active_support/callbacks.rb:547:in `block (2 levels) in default_terminator'
/home/andy/.rvm/gems/ruby-2.2.2/gems/activesupport-5.0.0/lib/active_support/callbacks.rb:546:in `catch'
/home/andy/.rvm/gems/ruby-2.2.2/gems/activesupport-5.0.0/lib/active_support/callbacks.rb:546:in `block in default_terminator'
/home/andy/.rvm/gems/ruby-2.2.2/gems/activesupport-5.0.0/lib/active_support/callbacks.rb:170:in `call'
/home/andy/.rvm/gems/ruby-2.2.2/gems/activesupport-5.0.0/lib/active_support/callbacks.rb:170:in `block in halting'
/home/andy/.rvm/gems/ruby-2.2.2/gems/activesupport-5.0.0/lib/active_support/callbacks.rb:454:in `call'
/home/andy/.rvm/gems/ruby-2.2.2/gems/activesupport-5.0.0/lib/active_support/callbacks.rb:454:in `block in call'
/home/andy/.rvm/gems/ruby-2.2.2/gems/activesupport-5.0.0/lib/active_support/callbacks.rb:454:in `each'
/home/andy/.rvm/gems/ruby-2.2.2/gems/activesupport-5.0.0/lib/active_support/callbacks.rb:454:in `call'
/home/andy/.rvm/gems/ruby-2.2.2/gems/activesupport-5.0.0/lib/active_support/callbacks.rb:101:in `__run_callbacks__'
/home/andy/.rvm/gems/ruby-2.2.2/gems/activesupport-5.0.0/lib/active_support/callbacks.rb:750:in `_run_complete_callbacks'
/home/andy/.rvm/gems/ruby-2.2.2/gems/activesupport-5.0.0/lib/active_support/callbacks.rb:90:in `run_callbacks'
/home/andy/.rvm/gems/ruby-2.2.2/gems/activesupport-5.0.0/lib/active_support/execution_wrapper.rb:107:in `complete!'
/home/andy/.rvm/gems/ruby-2.2.2/gems/activesupport-5.0.0/lib/active_support/execution_wrapper.rb:64:in `ensure in block in run!'
/home/andy/.rvm/gems/ruby-2.2.2/gems/activesupport-5.0.0/lib/active_support/execution_wrapper.rb:64:in `block in run!'
/home/andy/.rvm/gems/ruby-2.2.2/gems/activesupport-5.0.0/lib/active_support/execution_wrapper.rb:58:in `tap'
/home/andy/.rvm/gems/ruby-2.2.2/gems/activesupport-5.0.0/lib/active_support/execution_wrapper.rb:58:in `run!'
/home/andy/.rvm/gems/ruby-2.2.2/gems/actionpack-5.0.0/lib/action_dispatch/middleware/executor.rb:10:in `call'
/home/andy/.rvm/gems/ruby-2.2.2/gems/actionpack-5.0.0/lib/action_dispatch/middleware/static.rb:136:in `call'
/home/andy/.rvm/gems/ruby-2.2.2/gems/rack-2.0.3/lib/rack/sendfile.rb:111:in `call'
/home/andy/.rvm/gems/ruby-2.2.2/gems/railties-5.0.0/lib/rails/engine.rb:522:in `call'
/home/andy/.rvm/gems/ruby-2.2.2/gems/puma-3.4.0/lib/puma/configuration.rb:224:in `call'
/home/andy/.rvm/gems/ruby-2.2.2/gems/puma-3.4.0/lib/puma/server.rb:569:in `handle_request'
/home/andy/.rvm/gems/ruby-2.2.2/gems/puma-3.4.0/lib/puma/server.rb:406:in `process_client'
/home/andy/.rvm/gems/ruby-2.2.2/gems/puma-3.4.0/lib/puma/server.rb:271:in `block in run'
/home/andy/.rvm/gems/ruby-2.2.2/gems/puma-3.4.0/lib/puma/thread_pool.rb:114:in `call'
/home/andy/.rvm/gems/ruby-2.2.2/gems/puma-3.4.0/lib/puma/thread_pool.rb:114:in `block in spawn_thread'
/home/andy/.rvm/gems/ruby-2.2.2/gems/logging-2.2.2/lib/logging/diagnostic_context.rb:474:in `call'
/home/andy/.rvm/gems/ruby-2.2.2/gems/logging-2.2.2/lib/logging/diagnostic_context.rb:474:in `block in create_with_logging_context'
=== puma startup: 2017-08-04 06:22:41 -0700 ===
=== puma startup: 2017-08-04 06:23:47 -0700 ===
=== puma startup: 2017-08-04 06:37:47 -0700 ===
>>>>>>> 4191526b5e3c43d3961468c11a705ebb626c27bb
=== puma startup: 2017-08-14 00:10:35 -0400 ===
=== puma startup: 2017-08-14 00:10:46 -0400 ===
2017-08-14 17:27:05 -0400: HTTP parse error, malformed request (): #<Puma::HttpParserError: Invalid HTTP format, parsing fails.>
2017-08-14 17:27:05 -0400: ENV: {"rack.version"=>[1, 3], "rack.errors"=>#<IO:/home/andy/dev/punkpark/shared/log/puma.stderr.log>, "rack.multithread"=>true, "rack.multiprocess"=>false, "rack.run_once"=>false, "SCRIPT_NAME"=>"", "QUERY_STRING"=>"", "SERVER_PROTOCOL"=>"HTTP/1.1", "SERVER_SOFTWARE"=>"puma 3.4.0 Owl Bowl Brawl", "GATEWAY_INTERFACE"=>"CGI/1.2"}
---
2017-08-14 17:27:05 -0400: HTTP parse error, malformed request (): #<Puma::HttpParserError: Invalid HTTP format, parsing fails.>
2017-08-14 17:27:05 -0400: ENV: {"rack.version"=>[1, 3], "rack.errors"=>#<IO:/home/andy/dev/punkpark/shared/log/puma.stderr.log>, "rack.multithread"=>true, "rack.multiprocess"=>false, "rack.run_once"=>false, "SCRIPT_NAME"=>"", "QUERY_STRING"=>"", "SERVER_PROTOCOL"=>"HTTP/1.1", "SERVER_SOFTWARE"=>"puma 3.4.0 Owl Bowl Brawl", "GATEWAY_INTERFACE"=>"CGI/1.2"}
---
2017-08-14 17:27:05 -0400: HTTP parse error, malformed request (): #<Puma::HttpParserError: Invalid HTTP format, parsing fails.>
2017-08-14 17:27:05 -0400: ENV: {"rack.version"=>[1, 3], "rack.errors"=>#<IO:/home/andy/dev/punkpark/shared/log/puma.stderr.log>, "rack.multithread"=>true, "rack.multiprocess"=>false, "rack.run_once"=>false, "SCRIPT_NAME"=>"", "QUERY_STRING"=>"", "SERVER_PROTOCOL"=>"HTTP/1.1", "SERVER_SOFTWARE"=>"puma 3.4.0 Owl Bowl Brawl", "GATEWAY_INTERFACE"=>"CGI/1.2"}
---
2017-08-14 17:27:05 -0400: HTTP parse error, malformed request (): #<Puma::HttpParserError: Invalid HTTP format, parsing fails.>
2017-08-14 17:27:05 -0400: ENV: {"rack.version"=>[1, 3], "rack.errors"=>#<IO:/home/andy/dev/punkpark/shared/log/puma.stderr.log>, "rack.multithread"=>true, "rack.multiprocess"=>false, "rack.run_once"=>false, "SCRIPT_NAME"=>"", "QUERY_STRING"=>"", "SERVER_PROTOCOL"=>"HTTP/1.1", "SERVER_SOFTWARE"=>"puma 3.4.0 Owl Bowl Brawl", "GATEWAY_INTERFACE"=>"CGI/1.2"}
---
2017-08-14 17:27:05 -0400: HTTP parse error, malformed request (): #<Puma::HttpParserError: Invalid HTTP format, parsing fails.>
2017-08-14 17:27:05 -0400: ENV: {"rack.version"=>[1, 3], "rack.errors"=>#<IO:/home/andy/dev/punkpark/shared/log/puma.stderr.log>, "rack.multithread"=>true, "rack.multiprocess"=>false, "rack.run_once"=>false, "SCRIPT_NAME"=>"", "QUERY_STRING"=>"", "SERVER_PROTOCOL"=>"HTTP/1.1", "SERVER_SOFTWARE"=>"puma 3.4.0 Owl Bowl Brawl", "GATEWAY_INTERFACE"=>"CGI/1.2"}
---
2017-08-14 17:27:05 -0400: HTTP parse error, malformed request (): #<Puma::HttpParserError: Invalid HTTP format, parsing fails.>
2017-08-14 17:27:05 -0400: ENV: {"rack.version"=>[1, 3], "rack.errors"=>#<IO:/home/andy/dev/punkpark/shared/log/puma.stderr.log>, "rack.multithread"=>true, "rack.multiprocess"=>false, "rack.run_once"=>false, "SCRIPT_NAME"=>"", "QUERY_STRING"=>"", "SERVER_PROTOCOL"=>"HTTP/1.1", "SERVER_SOFTWARE"=>"puma 3.4.0 Owl Bowl Brawl", "GATEWAY_INTERFACE"=>"CGI/1.2"}
---
2017-08-14 17:27:05 -0400: HTTP parse error, malformed request (): #<Puma::HttpParserError: Invalid HTTP format, parsing fails.>
2017-08-14 17:27:05 -0400: ENV: {"rack.version"=>[1, 3], "rack.errors"=>#<IO:/home/andy/dev/punkpark/shared/log/puma.stderr.log>, "rack.multithread"=>true, "rack.multiprocess"=>false, "rack.run_once"=>false, "SCRIPT_NAME"=>"", "QUERY_STRING"=>"", "SERVER_PROTOCOL"=>"HTTP/1.1", "SERVER_SOFTWARE"=>"puma 3.4.0 Owl Bowl Brawl", "GATEWAY_INTERFACE"=>"CGI/1.2"}
---
=== puma startup: 2017-08-14 18:38:25 -0400 ===
2017-08-14 18:41:02 -0400: HTTP parse error, malformed request (): #<Puma::HttpParserError: Invalid HTTP format, parsing fails.>2017-08-14 18:41:02 -0400: HTTP parse error, malformed request (): #<Puma::HttpParserError: Invalid HTTP format, parsing fails.>

2017-08-14 18:41:02 -0400: ENV: {"rack.version"=>[1, 3], "rack.errors"=>#<IO:/home/andy/dev/punkpark/shared/log/puma.stderr.log>, "rack.multithread"=>true, "rack.multiprocess"=>false, "rack.run_once"=>false, "SCRIPT_NAME"=>"", "QUERY_STRING"=>"", "SERVER_PROTOCOL"=>"HTTP/1.1", "SERVER_SOFTWARE"=>"puma 3.4.0 Owl Bowl Brawl", "GATEWAY_INTERFACE"=>"CGI/1.2"}
---
2017-08-14 18:41:02 -0400: ENV: {"rack.version"=>[1, 3], "rack.errors"=>#<IO:/home/andy/dev/punkpark/shared/log/puma.stderr.log>, "rack.multithread"=>true, "rack.multiprocess"=>false, "rack.run_once"=>false, "SCRIPT_NAME"=>"", "QUERY_STRING"=>"", "SERVER_PROTOCOL"=>"HTTP/1.1", "SERVER_SOFTWARE"=>"puma 3.4.0 Owl Bowl Brawl", "GATEWAY_INTERFACE"=>"CGI/1.2"}
---
2017-08-14 18:41:02 -0400: HTTP parse error, malformed request (): #<Puma::HttpParserError: Invalid HTTP format, parsing fails.>
2017-08-14 18:41:02 -0400: ENV: {"rack.version"=>[1, 3], "rack.errors"=>#<IO:/home/andy/dev/punkpark/shared/log/puma.stderr.log>, "rack.multithread"=>true, "rack.multiprocess"=>false, "rack.run_once"=>false, "SCRIPT_NAME"=>"", "QUERY_STRING"=>"", "SERVER_PROTOCOL"=>"HTTP/1.1", "SERVER_SOFTWARE"=>"puma 3.4.0 Owl Bowl Brawl", "GATEWAY_INTERFACE"=>"CGI/1.2"}
---
2017-08-14 18:41:02 -0400: HTTP parse error, malformed request (): #<Puma::HttpParserError: Invalid HTTP format, parsing fails.>2017-08-14 18:41:02 -0400: HTTP parse error, malformed request (): #<Puma::HttpParserError: Invalid HTTP format, parsing fails.>

2017-08-14 18:41:02 -0400: ENV: {"rack.version"=>[1, 3], "rack.errors"=>#<IO:/home/andy/dev/punkpark/shared/log/puma.stderr.log>, "rack.multithread"=>true, "rack.multiprocess"=>false, "rack.run_once"=>false, "SCRIPT_NAME"=>"", "QUERY_STRING"=>"", "SERVER_PROTOCOL"=>"HTTP/1.1", "SERVER_SOFTWARE"=>"puma 3.4.0 Owl Bowl Brawl", "GATEWAY_INTERFACE"=>"CGI/1.2"}
---
2017-08-14 18:41:02 -0400: ENV: {"rack.version"=>[1, 3], "rack.errors"=>#<IO:/home/andy/dev/punkpark/shared/log/puma.stderr.log>, "rack.multithread"=>true, "rack.multiprocess"=>false, "rack.run_once"=>false, "SCRIPT_NAME"=>"", "QUERY_STRING"=>"", "SERVER_PROTOCOL"=>"HTTP/1.1", "SERVER_SOFTWARE"=>"puma 3.4.0 Owl Bowl Brawl", "GATEWAY_INTERFACE"=>"CGI/1.2"}
---
2017-08-14 18:41:02 -0400: HTTP parse error, malformed request (): #<Puma::HttpParserError: Invalid HTTP format, parsing fails.>
2017-08-14 18:41:02 -0400: ENV: {"rack.version"=>[1, 3], "rack.errors"=>#<IO:/home/andy/dev/punkpark/shared/log/puma.stderr.log>, "rack.multithread"=>true, "rack.multiprocess"=>false, "rack.run_once"=>false, "SCRIPT_NAME"=>"", "QUERY_STRING"=>"", "SERVER_PROTOCOL"=>"HTTP/1.1", "SERVER_SOFTWARE"=>"puma 3.4.0 Owl Bowl Brawl", "GATEWAY_INTERFACE"=>"CGI/1.2"}
---
2017-08-14 18:41:02 -0400: HTTP parse error, malformed request (): #<Puma::HttpParserError: Invalid HTTP format, parsing fails.>
2017-08-14 18:41:02 -0400: ENV: {"rack.version"=>[1, 3], "rack.errors"=>#<IO:/home/andy/dev/punkpark/shared/log/puma.stderr.log>, "rack.multithread"=>true, "rack.multiprocess"=>false, "rack.run_once"=>false, "SCRIPT_NAME"=>"", "QUERY_STRING"=>"", "SERVER_PROTOCOL"=>"HTTP/1.1", "SERVER_SOFTWARE"=>"puma 3.4.0 Owl Bowl Brawl", "GATEWAY_INTERFACE"=>"CGI/1.2"}
---
