=== puma startup: 2017-07-23 14:53:04 -0400 ===
[31566] * Starting control server on unix:///tmp/puma-status-1500835984442-31566
Exiting
=== puma startup: 2017-07-23 14:53:20 -0400 ===
[31614] * Starting control server on unix:///tmp/puma-status-1500836000379-31614
[31614] - Worker 0 (pid: 31622) booted, phase: 0
[31614] - Worker 1 (pid: 31626) booted, phase: 0
Started GET "/punk/select" for 127.0.0.1 at 2017-07-23 14:53:24 -0400
  [1m[36mActiveRecord::SchemaMigration Load (0.4ms)[0m  [1m[34mSELECT "schema_migrations".* FROM "schema_migrations"[0m
Processing by PunkController#select_punk as HTML
  Rendering punk/select_punk.html.erb within layouts/application
  [1m[35m (0.7ms)[0m  [1m[34mSELECT COUNT(*) FROM "punks" WHERE "punks"."owner_eth_address" = $1[0m  [["owner_eth_address", "7132c9f36abe62eab74cdfdd08c154c9ae45691b"]]
  Rendered punk/select_punk.html.erb within layouts/application (9.0ms)
  Rendered layouts/_navbar.html.erb (0.5ms)
Completed 200 OK in 962ms (Views: 932.6ms | ActiveRecord: 2.4ms)


[31614] - Gracefully shutting down workers...
[31614] === puma shutdown: 2017-07-23 14:53:31 -0400 ===
[31614] - Goodbye!
Exiting
=== puma startup: 2017-07-23 14:53:56 -0400 ===
[31764] * Starting control server on unix:///tmp/puma-status-1500836036433-31764
[31764] - Worker 0 (pid: 31776) booted, phase: 0
[31764] - Worker 1 (pid: 31780) booted, phase: 0
Started GET "/punk/select" for 127.0.0.1 at 2017-07-23 14:57:18 -0400
  [1m[36mActiveRecord::SchemaMigration Load (0.5ms)[0m  [1m[34mSELECT "schema_migrations".* FROM "schema_migrations"[0m
Processing by PunkController#select_punk as HTML
  Rendering punk/select_punk.html.erb within layouts/application
  [1m[35m (0.5ms)[0m  [1m[34mSELECT COUNT(*) FROM "punks" WHERE "punks"."owner_eth_address" = $1[0m  [["owner_eth_address", "7132c9f36abe62eab74cdfdd08c154c9ae45691b"]]
  Rendered punk/select_punk.html.erb within layouts/application (5.5ms)
  Rendered layouts/_navbar.html.erb (0.3ms)
Completed 200 OK in 398ms (Views: 380.6ms | ActiveRecord: 1.7ms)


Started GET "/punk/select" for 127.0.0.1 at 2017-07-23 14:58:43 -0400
Processing by PunkController#select_punk as HTML
  Rendering punk/select_punk.html.erb within layouts/application
  [1m[35m (0.4ms)[0m  [1m[34mSELECT COUNT(*) FROM "punks" WHERE "punks"."owner_eth_address" = $1[0m  [["owner_eth_address", "7132c9f36abe62eab74cdfdd08c154c9ae45691b"]]
  Rendered punk/select_punk.html.erb within layouts/application (2.4ms)
  Rendered layouts/_navbar.html.erb (0.3ms)
Completed 200 OK in 48ms (Views: 46.5ms | ActiveRecord: 0.4ms)


Started GET "/" for 127.0.0.1 at 2017-07-23 14:58:45 -0400
Processing by ParkController#root as HTML
" hellooooo"
false
false
Redirected to http://localhost:3000/punk/select
Completed 302 Found in 1ms (ActiveRecord: 0.0ms)


Started GET "/punk/select" for 127.0.0.1 at 2017-07-23 14:58:45 -0400
Processing by PunkController#select_punk as HTML
  Rendering punk/select_punk.html.erb within layouts/application
  [1m[35m (0.3ms)[0m  [1m[34mSELECT COUNT(*) FROM "punks" WHERE "punks"."owner_eth_address" = $1[0m  [["owner_eth_address", "7132c9f36abe62eab74cdfdd08c154c9ae45691b"]]
  Rendered punk/select_punk.html.erb within layouts/application (1.2ms)
  Rendered layouts/_navbar.html.erb (0.3ms)
Completed 200 OK in 39ms (Views: 37.7ms | ActiveRecord: 0.3ms)


Started GET "/" for 127.0.0.1 at 2017-07-23 15:00:09 -0400
Processing by ParkController#root as HTML
" hellooooo"
false
false
Redirected to http://localhost:3000/punk/select
Completed 302 Found in 1ms (ActiveRecord: 0.0ms)


Started GET "/punk/select" for 127.0.0.1 at 2017-07-23 15:00:09 -0400
Processing by PunkController#select_punk as HTML
  Rendering punk/select_punk.html.erb within layouts/application
  [1m[35m (0.5ms)[0m  [1m[34mSELECT COUNT(*) FROM "punks" WHERE "punks"."owner_eth_address" = $1[0m  [["owner_eth_address", "7132c9f36abe62eab74cdfdd08c154c9ae45691b"]]
  Rendered punk/select_punk.html.erb within layouts/application (2.5ms)
  Rendered layouts/_navbar.html.erb (0.3ms)
Completed 200 OK in 58ms (Views: 55.5ms | ActiveRecord: 0.5ms)


Started GET "/punk/select" for 127.0.0.1 at 2017-07-23 15:03:25 -0400
Processing by PunkController#select_punk as HTML
  Rendering punk/select_punk.html.erb within layouts/application
  [1m[35m (0.3ms)[0m  [1m[34mSELECT COUNT(*) FROM "punks" WHERE "punks"."owner_eth_address" = $1[0m  [["owner_eth_address", "7132c9f36abe62eab74cdfdd08c154c9ae45691b"]]
  Rendered punk/select_punk.html.erb within layouts/application (1.4ms)
  Rendered layouts/_navbar.html.erb (0.3ms)
Completed 200 OK in 49ms (Views: 42.0ms | ActiveRecord: 1.2ms)


Started GET "/login_guest" for 127.0.0.1 at 2017-07-23 15:03:27 -0400
Processing by PunkController#login_guest as HTML
Redirected to http://localhost:3000/
Completed 302 Found in 2ms (ActiveRecord: 0.0ms)


Started GET "/" for 127.0.0.1 at 2017-07-23 15:03:27 -0400
Processing by ParkController#root as HTML
" hellooooo"
false
false
Redirected to http://localhost:3000/punk/select
Completed 302 Found in 1ms (ActiveRecord: 0.0ms)


Started GET "/punk/select" for 127.0.0.1 at 2017-07-23 15:03:27 -0400
Processing by PunkController#select_punk as HTML
  Rendering punk/select_punk.html.erb within layouts/application
  [1m[35m (0.3ms)[0m  [1m[34mSELECT COUNT(*) FROM "punks" WHERE "punks"."owner_eth_address" = $1[0m  [["owner_eth_address", "7132c9f36abe62eab74cdfdd08c154c9ae45691b"]]
  Rendered punk/select_punk.html.erb within layouts/application (1.3ms)
  Rendered layouts/_navbar.html.erb (0.4ms)
Completed 200 OK in 46ms (Views: 44.3ms | ActiveRecord: 0.3ms)


Started GET "/login_guest" for 127.0.0.1 at 2017-07-23 15:07:56 -0400
  [1m[36mActiveRecord::SchemaMigration Load (0.5ms)[0m  [1m[34mSELECT "schema_migrations".* FROM "schema_migrations"[0m
Processing by PunkController#login_guest as HTML
Redirected to http://localhost:3000/
Completed 302 Found in 15ms (ActiveRecord: 0.0ms)


Started GET "/" for 127.0.0.1 at 2017-07-23 15:07:56 -0400
Processing by ParkController#root as HTML
" hellooooo"
false
false
Redirected to http://localhost:3000/punk/select
Completed 302 Found in 2ms (ActiveRecord: 0.0ms)


Started GET "/punk/select" for 127.0.0.1 at 2017-07-23 15:07:56 -0400
Processing by PunkController#select_punk as HTML
  Rendering punk/select_punk.html.erb within layouts/application
  [1m[35m (1.5ms)[0m  [1m[34mSELECT COUNT(*) FROM "punks" WHERE "punks"."owner_eth_address" = $1[0m  [["owner_eth_address", "7132c9f36abe62eab74cdfdd08c154c9ae45691b"]]
  Rendered punk/select_punk.html.erb within layouts/application (6.9ms)
  Rendered layouts/_navbar.html.erb (0.4ms)
Completed 200 OK in 482ms (Views: 469.6ms | ActiveRecord: 2.5ms)


Started GET "/login_guest" for 127.0.0.1 at 2017-07-23 15:17:47 -0400
Processing by PunkController#login_guest as HTML
Redirected to http://localhost:3000/
Completed 302 Found in 1ms (ActiveRecord: 0.0ms)


Started GET "/" for 127.0.0.1 at 2017-07-23 15:17:47 -0400
Processing by ParkController#root as HTML
" hellooooo"
false
false
Redirected to http://localhost:3000/punk/select
Completed 302 Found in 1ms (ActiveRecord: 0.0ms)


Started GET "/punk/select" for 127.0.0.1 at 2017-07-23 15:17:47 -0400
Processing by PunkController#select_punk as HTML
  Rendering punk/select_punk.html.erb within layouts/application
  [1m[35m (0.3ms)[0m  [1m[34mSELECT COUNT(*) FROM "punks" WHERE "punks"."owner_eth_address" = $1[0m  [["owner_eth_address", "7132c9f36abe62eab74cdfdd08c154c9ae45691b"]]
  Rendered punk/select_punk.html.erb within layouts/application (1.3ms)
  Rendered layouts/_navbar.html.erb (0.4ms)
Completed 200 OK in 46ms (Views: 41.2ms | ActiveRecord: 1.1ms)


Started GET "/login_guest" for 127.0.0.1 at 2017-07-23 15:18:06 -0400
Processing by PunkController#login_guest as HTML
Completed 406 Not Acceptable in 11ms (ActiveRecord: 0.0ms)


  
ActionController::UnknownFormat (PunkController#login_guest is missing a template for this request format and variant.

request.formats: ["text/html"]
request.variant: []

NOTE! For XHR/Ajax or API requests, this action would normally respond with 204 No Content: an empty white screen. Since you're loading it in a web browser, we assume that you expected to actually render a template, not… nothing, so we're showing an error to be extra-clear. If you expect 204 No Content, carry on. That's what you'll get from an XHR or API request. Give it a shot.):
  
actionpack (5.0.0) lib/action_controller/metal/implicit_render.rb:56:in `default_render'
actionpack (5.0.0) lib/action_controller/metal/basic_implicit_render.rb:4:in `block in send_action'
actionpack (5.0.0) lib/action_controller/metal/basic_implicit_render.rb:4:in `tap'
actionpack (5.0.0) lib/action_controller/metal/basic_implicit_render.rb:4:in `send_action'
actionpack (5.0.0) lib/abstract_controller/base.rb:188:in `process_action'
actionpack (5.0.0) lib/action_controller/metal/rendering.rb:30:in `process_action'
actionpack (5.0.0) lib/abstract_controller/callbacks.rb:20:in `block in process_action'
activesupport (5.0.0) lib/active_support/callbacks.rb:126:in `call'
activesupport (5.0.0) lib/active_support/callbacks.rb:126:in `call'
activesupport (5.0.0) lib/active_support/callbacks.rb:506:in `block (2 levels) in compile'
activesupport (5.0.0) lib/active_support/callbacks.rb:455:in `call'
activesupport (5.0.0) lib/active_support/callbacks.rb:455:in `call'
activesupport (5.0.0) lib/active_support/callbacks.rb:101:in `__run_callbacks__'
activesupport (5.0.0) lib/active_support/callbacks.rb:750:in `_run_process_action_callbacks'
activesupport (5.0.0) lib/active_support/callbacks.rb:90:in `run_callbacks'
actionpack (5.0.0) lib/abstract_controller/callbacks.rb:19:in `process_action'
actionpack (5.0.0) lib/action_controller/metal/rescue.rb:20:in `process_action'
actionpack (5.0.0) lib/action_controller/metal/instrumentation.rb:32:in `block in process_action'
activesupport (5.0.0) lib/active_support/notifications.rb:164:in `block in instrument'
activesupport (5.0.0) lib/active_support/notifications/instrumenter.rb:21:in `instrument'
activesupport (5.0.0) lib/active_support/notifications.rb:164:in `instrument'
actionpack (5.0.0) lib/action_controller/metal/instrumentation.rb:30:in `process_action'
actionpack (5.0.0) lib/action_controller/metal/params_wrapper.rb:248:in `process_action'
activerecord (5.0.0) lib/active_record/railties/controller_runtime.rb:18:in `process_action'
actionpack (5.0.0) lib/abstract_controller/base.rb:126:in `process'
actionview (5.0.0) lib/action_view/rendering.rb:30:in `process'
actionpack (5.0.0) lib/action_controller/metal.rb:190:in `dispatch'
actionpack (5.0.0) lib/action_controller/metal.rb:262:in `dispatch'
actionpack (5.0.0) lib/action_dispatch/routing/route_set.rb:50:in `dispatch'
actionpack (5.0.0) lib/action_dispatch/routing/route_set.rb:32:in `serve'
actionpack (5.0.0) lib/action_dispatch/journey/router.rb:39:in `block in serve'
actionpack (5.0.0) lib/action_dispatch/journey/router.rb:26:in `each'
actionpack (5.0.0) lib/action_dispatch/journey/router.rb:26:in `serve'
actionpack (5.0.0) lib/action_dispatch/routing/route_set.rb:725:in `call'
rack (2.0.3) lib/rack/etag.rb:25:in `call'
rack (2.0.3) lib/rack/conditional_get.rb:25:in `call'
rack (2.0.3) lib/rack/head.rb:12:in `call'
rack (2.0.3) lib/rack/session/abstract/id.rb:232:in `context'
rack (2.0.3) lib/rack/session/abstract/id.rb:226:in `call'
actionpack (5.0.0) lib/action_dispatch/middleware/cookies.rb:613:in `call'
activerecord (5.0.0) lib/active_record/migration.rb:552:in `call'
actionpack (5.0.0) lib/action_dispatch/middleware/callbacks.rb:38:in `block in call'
activesupport (5.0.0) lib/active_support/callbacks.rb:97:in `__run_callbacks__'
activesupport (5.0.0) lib/active_support/callbacks.rb:750:in `_run_call_callbacks'
activesupport (5.0.0) lib/active_support/callbacks.rb:90:in `run_callbacks'
actionpack (5.0.0) lib/action_dispatch/middleware/callbacks.rb:36:in `call'
actionpack (5.0.0) lib/action_dispatch/middleware/executor.rb:12:in `call'
actionpack (5.0.0) lib/action_dispatch/middleware/remote_ip.rb:79:in `call'
actionpack (5.0.0) lib/action_dispatch/middleware/debug_exceptions.rb:49:in `call'
web-console (2.3.0) lib/web_console/middleware.rb:28:in `block in call'
web-console (2.3.0) lib/web_console/middleware.rb:18:in `catch'
web-console (2.3.0) lib/web_console/middleware.rb:18:in `call'
actionpack (5.0.0) lib/action_dispatch/middleware/show_exceptions.rb:31:in `call'
railties (5.0.0) lib/rails/rack/logger.rb:36:in `call_app'
railties (5.0.0) lib/rails/rack/logger.rb:24:in `block in call'
activesupport (5.0.0) lib/active_support/tagged_logging.rb:70:in `block in tagged'
activesupport (5.0.0) lib/active_support/tagged_logging.rb:26:in `tagged'
activesupport (5.0.0) lib/active_support/tagged_logging.rb:70:in `tagged'
railties (5.0.0) lib/rails/rack/logger.rb:24:in `call'
sprockets-rails (3.2.0) lib/sprockets/rails/quiet_assets.rb:13:in `call'
actionpack (5.0.0) lib/action_dispatch/middleware/request_id.rb:24:in `call'
rack (2.0.3) lib/rack/method_override.rb:22:in `call'
rack (2.0.3) lib/rack/runtime.rb:22:in `call'
activesupport (5.0.0) lib/active_support/cache/strategy/local_cache_middleware.rb:28:in `call'
actionpack (5.0.0) lib/action_dispatch/middleware/executor.rb:12:in `call'
actionpack (5.0.0) lib/action_dispatch/middleware/static.rb:136:in `call'
rack (2.0.3) lib/rack/sendfile.rb:111:in `call'
railties (5.0.0) lib/rails/engine.rb:522:in `call'
puma (3.4.0) lib/puma/configuration.rb:224:in `call'
puma (3.4.0) lib/puma/server.rb:569:in `handle_request'
puma (3.4.0) lib/puma/server.rb:406:in `process_client'
puma (3.4.0) lib/puma/server.rb:271:in `block in run'
puma (3.4.0) lib/puma/thread_pool.rb:114:in `call'
puma (3.4.0) lib/puma/thread_pool.rb:114:in `block in spawn_thread'
  Rendering /home/andy/.rvm/gems/ruby-2.2.7/gems/actionpack-5.0.0/lib/action_dispatch/middleware/templates/rescues/diagnostics.html.erb within rescues/layout
  Rendering /home/andy/.rvm/gems/ruby-2.2.7/gems/actionpack-5.0.0/lib/action_dispatch/middleware/templates/rescues/_source.html.erb
  Rendered /home/andy/.rvm/gems/ruby-2.2.7/gems/actionpack-5.0.0/lib/action_dispatch/middleware/templates/rescues/_source.html.erb (5.7ms)
  Rendering /home/andy/.rvm/gems/ruby-2.2.7/gems/actionpack-5.0.0/lib/action_dispatch/middleware/templates/rescues/_trace.html.erb
  Rendered /home/andy/.rvm/gems/ruby-2.2.7/gems/actionpack-5.0.0/lib/action_dispatch/middleware/templates/rescues/_trace.html.erb (3.5ms)
  Rendering /home/andy/.rvm/gems/ruby-2.2.7/gems/actionpack-5.0.0/lib/action_dispatch/middleware/templates/rescues/_request_and_response.html.erb
  Rendered /home/andy/.rvm/gems/ruby-2.2.7/gems/actionpack-5.0.0/lib/action_dispatch/middleware/templates/rescues/_request_and_response.html.erb (0.9ms)
  Rendered /home/andy/.rvm/gems/ruby-2.2.7/gems/actionpack-5.0.0/lib/action_dispatch/middleware/templates/rescues/diagnostics.html.erb within rescues/layout (27.7ms)
DEPRECATION WARNING: Accessing mime types via constants is deprecated. Please change `Mime::HTML` to `Mime[:html]`. (called from const_missing at /home/andy/.rvm/gems/ruby-2.2.7/gems/actionpack-5.0.0/lib/action_dispatch/http/mime_type.rb:52)
  Rendering /home/andy/.rvm/gems/ruby-2.2.7/gems/web-console-2.3.0/lib/web_console/templates/index.html.erb
  Rendered /home/andy/.rvm/gems/ruby-2.2.7/gems/web-console-2.3.0/lib/web_console/templates/_markup.html.erb (0.6ms)
  Rendering /home/andy/.rvm/gems/ruby-2.2.7/gems/web-console-2.3.0/lib/web_console/templates/console.js.erb within layouts/javascript
  Rendering /home/andy/.rvm/gems/ruby-2.2.7/gems/web-console-2.3.0/lib/web_console/templates/_inner_console_markup.html.erb within layouts/inlined_string
  Rendered /home/andy/.rvm/gems/ruby-2.2.7/gems/web-console-2.3.0/lib/web_console/templates/_inner_console_markup.html.erb within layouts/inlined_string (0.3ms)
  Rendering /home/andy/.rvm/gems/ruby-2.2.7/gems/web-console-2.3.0/lib/web_console/templates/_prompt_box_markup.html.erb within layouts/inlined_string
  Rendered /home/andy/.rvm/gems/ruby-2.2.7/gems/web-console-2.3.0/lib/web_console/templates/_prompt_box_markup.html.erb within layouts/inlined_string (0.4ms)
  Rendering /home/andy/.rvm/gems/ruby-2.2.7/gems/web-console-2.3.0/lib/web_console/templates/style.css.erb within layouts/inlined_string
  Rendered /home/andy/.rvm/gems/ruby-2.2.7/gems/web-console-2.3.0/lib/web_console/templates/style.css.erb within layouts/inlined_string (0.3ms)
DEPRECATION WARNING: Accessing mime types via constants is deprecated. Please change `Mime::WEB_CONSOLE_V2` to `Mime[:web_console_v2]`. (called from const_missing at /home/andy/.rvm/gems/ruby-2.2.7/gems/actionpack-5.0.0/lib/action_dispatch/http/mime_type.rb:52)
  Rendered /home/andy/.rvm/gems/ruby-2.2.7/gems/web-console-2.3.0/lib/web_console/templates/console.js.erb within layouts/javascript (26.8ms)
  Rendering /home/andy/.rvm/gems/ruby-2.2.7/gems/web-console-2.3.0/lib/web_console/templates/main.js.erb within layouts/javascript
  Rendered /home/andy/.rvm/gems/ruby-2.2.7/gems/web-console-2.3.0/lib/web_console/templates/main.js.erb within layouts/javascript (0.4ms)
  Rendering /home/andy/.rvm/gems/ruby-2.2.7/gems/web-console-2.3.0/lib/web_console/templates/error_page.js.erb within layouts/javascript
  Rendered /home/andy/.rvm/gems/ruby-2.2.7/gems/web-console-2.3.0/lib/web_console/templates/error_page.js.erb within layouts/javascript (0.4ms)
  Rendered /home/andy/.rvm/gems/ruby-2.2.7/gems/web-console-2.3.0/lib/web_console/templates/index.html.erb (48.9ms)
Started GET "/punk/select" for 127.0.0.1 at 2017-07-23 15:22:29 -0400
Processing by PunkController#select_punk as HTML
  Rendering punk/select_punk.html.erb within layouts/application
  [1m[35m (0.5ms)[0m  [1m[34mSELECT COUNT(*) FROM "punks" WHERE "punks"."owner_eth_address" = $1[0m  [["owner_eth_address", "7132c9f36abe62eab74cdfdd08c154c9ae45691b"]]
  Rendered punk/select_punk.html.erb within layouts/application (3.6ms)
  Rendered layouts/_navbar.html.erb (0.5ms)
Completed 200 OK in 2834ms (Views: 2828.5ms | ActiveRecord: 1.3ms)


Started POST "/login_guest" for 127.0.0.1 at 2017-07-23 15:22:35 -0400
  
ActionController::RoutingError (No route matches [POST] "/login_guest"):
  
actionpack (5.0.0) lib/action_dispatch/middleware/debug_exceptions.rb:53:in `call'
web-console (2.3.0) lib/web_console/middleware.rb:28:in `block in call'
web-console (2.3.0) lib/web_console/middleware.rb:18:in `catch'
web-console (2.3.0) lib/web_console/middleware.rb:18:in `call'
actionpack (5.0.0) lib/action_dispatch/middleware/show_exceptions.rb:31:in `call'
railties (5.0.0) lib/rails/rack/logger.rb:36:in `call_app'
railties (5.0.0) lib/rails/rack/logger.rb:24:in `block in call'
activesupport (5.0.0) lib/active_support/tagged_logging.rb:70:in `block in tagged'
activesupport (5.0.0) lib/active_support/tagged_logging.rb:26:in `tagged'
activesupport (5.0.0) lib/active_support/tagged_logging.rb:70:in `tagged'
railties (5.0.0) lib/rails/rack/logger.rb:24:in `call'
sprockets-rails (3.2.0) lib/sprockets/rails/quiet_assets.rb:13:in `call'
actionpack (5.0.0) lib/action_dispatch/middleware/request_id.rb:24:in `call'
rack (2.0.3) lib/rack/method_override.rb:22:in `call'
rack (2.0.3) lib/rack/runtime.rb:22:in `call'
activesupport (5.0.0) lib/active_support/cache/strategy/local_cache_middleware.rb:28:in `call'
actionpack (5.0.0) lib/action_dispatch/middleware/executor.rb:12:in `call'
actionpack (5.0.0) lib/action_dispatch/middleware/static.rb:136:in `call'
rack (2.0.3) lib/rack/sendfile.rb:111:in `call'
railties (5.0.0) lib/rails/engine.rb:522:in `call'
puma (3.4.0) lib/puma/configuration.rb:224:in `call'
puma (3.4.0) lib/puma/server.rb:569:in `handle_request'
puma (3.4.0) lib/puma/server.rb:406:in `process_client'
puma (3.4.0) lib/puma/server.rb:271:in `block in run'
puma (3.4.0) lib/puma/thread_pool.rb:114:in `call'
puma (3.4.0) lib/puma/thread_pool.rb:114:in `block in spawn_thread'
  Rendering /home/andy/.rvm/gems/ruby-2.2.7/gems/actionpack-5.0.0/lib/action_dispatch/middleware/templates/rescues/routing_error.text.erb
  Rendering /home/andy/.rvm/gems/ruby-2.2.7/gems/actionpack-5.0.0/lib/action_dispatch/middleware/templates/rescues/_trace.text.erb
  Rendered /home/andy/.rvm/gems/ruby-2.2.7/gems/actionpack-5.0.0/lib/action_dispatch/middleware/templates/rescues/_trace.text.erb (0.4ms)
  Rendered /home/andy/.rvm/gems/ruby-2.2.7/gems/actionpack-5.0.0/lib/action_dispatch/middleware/templates/rescues/routing_error.text.erb (5.2ms)
DEPRECATION WARNING: Accessing mime types via constants is deprecated. Please change `Mime::HTML` to `Mime[:html]`. (called from const_missing at /home/andy/.rvm/gems/ruby-2.2.7/gems/actionpack-5.0.0/lib/action_dispatch/http/mime_type.rb:52)
Started GET "/punk/select" for 127.0.0.1 at 2017-07-23 15:22:42 -0400
Processing by PunkController#select_punk as HTML
  Rendering punk/select_punk.html.erb within layouts/application
  [1m[35m (0.9ms)[0m  [1m[34mSELECT COUNT(*) FROM "punks" WHERE "punks"."owner_eth_address" = $1[0m  [["owner_eth_address", "7132c9f36abe62eab74cdfdd08c154c9ae45691b"]]
  Rendered punk/select_punk.html.erb within layouts/application (4.7ms)
  Rendered layouts/_navbar.html.erb (0.5ms)
Completed 200 OK in 68ms (Views: 64.6ms | ActiveRecord: 0.9ms)


Started POST "/login_guest" for 127.0.0.1 at 2017-07-23 15:22:45 -0400
  
ActionController::RoutingError (No route matches [POST] "/login_guest"):
  
actionpack (5.0.0) lib/action_dispatch/middleware/debug_exceptions.rb:53:in `call'
web-console (2.3.0) lib/web_console/middleware.rb:28:in `block in call'
web-console (2.3.0) lib/web_console/middleware.rb:18:in `catch'
web-console (2.3.0) lib/web_console/middleware.rb:18:in `call'
actionpack (5.0.0) lib/action_dispatch/middleware/show_exceptions.rb:31:in `call'
railties (5.0.0) lib/rails/rack/logger.rb:36:in `call_app'
railties (5.0.0) lib/rails/rack/logger.rb:24:in `block in call'
activesupport (5.0.0) lib/active_support/tagged_logging.rb:70:in `block in tagged'
activesupport (5.0.0) lib/active_support/tagged_logging.rb:26:in `tagged'
activesupport (5.0.0) lib/active_support/tagged_logging.rb:70:in `tagged'
railties (5.0.0) lib/rails/rack/logger.rb:24:in `call'
sprockets-rails (3.2.0) lib/sprockets/rails/quiet_assets.rb:13:in `call'
actionpack (5.0.0) lib/action_dispatch/middleware/request_id.rb:24:in `call'
rack (2.0.3) lib/rack/method_override.rb:22:in `call'
rack (2.0.3) lib/rack/runtime.rb:22:in `call'
activesupport (5.0.0) lib/active_support/cache/strategy/local_cache_middleware.rb:28:in `call'
actionpack (5.0.0) lib/action_dispatch/middleware/executor.rb:12:in `call'
actionpack (5.0.0) lib/action_dispatch/middleware/static.rb:136:in `call'
rack (2.0.3) lib/rack/sendfile.rb:111:in `call'
railties (5.0.0) lib/rails/engine.rb:522:in `call'
puma (3.4.0) lib/puma/configuration.rb:224:in `call'
puma (3.4.0) lib/puma/server.rb:569:in `handle_request'
puma (3.4.0) lib/puma/server.rb:406:in `process_client'
puma (3.4.0) lib/puma/server.rb:271:in `block in run'
puma (3.4.0) lib/puma/thread_pool.rb:114:in `call'
puma (3.4.0) lib/puma/thread_pool.rb:114:in `block in spawn_thread'
  Rendering /home/andy/.rvm/gems/ruby-2.2.7/gems/actionpack-5.0.0/lib/action_dispatch/middleware/templates/rescues/routing_error.text.erb
  Rendering /home/andy/.rvm/gems/ruby-2.2.7/gems/actionpack-5.0.0/lib/action_dispatch/middleware/templates/rescues/_trace.text.erb
  Rendered /home/andy/.rvm/gems/ruby-2.2.7/gems/actionpack-5.0.0/lib/action_dispatch/middleware/templates/rescues/_trace.text.erb (0.5ms)
  Rendered /home/andy/.rvm/gems/ruby-2.2.7/gems/actionpack-5.0.0/lib/action_dispatch/middleware/templates/rescues/routing_error.text.erb (6.1ms)
DEPRECATION WARNING: Accessing mime types via constants is deprecated. Please change `Mime::HTML` to `Mime[:html]`. (called from const_missing at /home/andy/.rvm/gems/ruby-2.2.7/gems/actionpack-5.0.0/lib/action_dispatch/http/mime_type.rb:52)
Started GET "/punk/select" for 127.0.0.1 at 2017-07-23 15:24:16 -0400
Processing by PunkController#select_punk as HTML
  Rendering punk/select_punk.html.erb within layouts/application
  [1m[35m (0.7ms)[0m  [1m[34mSELECT COUNT(*) FROM "punks" WHERE "punks"."owner_eth_address" = $1[0m  [["owner_eth_address", "7132c9f36abe62eab74cdfdd08c154c9ae45691b"]]
  Rendered punk/select_punk.html.erb within layouts/application (3.1ms)
  Rendered layouts/_navbar.html.erb (0.3ms)
Completed 200 OK in 60ms (Views: 53.9ms | ActiveRecord: 1.6ms)


Started POST "/punk/login_guest" for 127.0.0.1 at 2017-07-23 15:24:17 -0400
Processing by PunkController#login_guest as */*
Can't verify CSRF token authenticity.
Completed 422 Unprocessable Entity in 1ms (ActiveRecord: 0.0ms)


  
ActionController::InvalidAuthenticityToken (ActionController::InvalidAuthenticityToken):
  
actionpack (5.0.0) lib/action_controller/metal/request_forgery_protection.rb:195:in `handle_unverified_request'
actionpack (5.0.0) lib/action_controller/metal/request_forgery_protection.rb:223:in `handle_unverified_request'
actionpack (5.0.0) lib/action_controller/metal/request_forgery_protection.rb:218:in `verify_authenticity_token'
activesupport (5.0.0) lib/active_support/callbacks.rb:382:in `block in make_lambda'
activesupport (5.0.0) lib/active_support/callbacks.rb:169:in `call'
activesupport (5.0.0) lib/active_support/callbacks.rb:169:in `block (2 levels) in halting'
actionpack (5.0.0) lib/abstract_controller/callbacks.rb:12:in `call'
actionpack (5.0.0) lib/abstract_controller/callbacks.rb:12:in `block (2 levels) in <module:Callbacks>'
activesupport (5.0.0) lib/active_support/callbacks.rb:170:in `call'
activesupport (5.0.0) lib/active_support/callbacks.rb:170:in `block in halting'
activesupport (5.0.0) lib/active_support/callbacks.rb:454:in `call'
activesupport (5.0.0) lib/active_support/callbacks.rb:454:in `block in call'
activesupport (5.0.0) lib/active_support/callbacks.rb:454:in `each'
activesupport (5.0.0) lib/active_support/callbacks.rb:454:in `call'
activesupport (5.0.0) lib/active_support/callbacks.rb:101:in `__run_callbacks__'
activesupport (5.0.0) lib/active_support/callbacks.rb:750:in `_run_process_action_callbacks'
activesupport (5.0.0) lib/active_support/callbacks.rb:90:in `run_callbacks'
actionpack (5.0.0) lib/abstract_controller/callbacks.rb:19:in `process_action'
actionpack (5.0.0) lib/action_controller/metal/rescue.rb:20:in `process_action'
actionpack (5.0.0) lib/action_controller/metal/instrumentation.rb:32:in `block in process_action'
activesupport (5.0.0) lib/active_support/notifications.rb:164:in `block in instrument'
activesupport (5.0.0) lib/active_support/notifications/instrumenter.rb:21:in `instrument'
activesupport (5.0.0) lib/active_support/notifications.rb:164:in `instrument'
actionpack (5.0.0) lib/action_controller/metal/instrumentation.rb:30:in `process_action'
actionpack (5.0.0) lib/action_controller/metal/params_wrapper.rb:248:in `process_action'
activerecord (5.0.0) lib/active_record/railties/controller_runtime.rb:18:in `process_action'
actionpack (5.0.0) lib/abstract_controller/base.rb:126:in `process'
actionview (5.0.0) lib/action_view/rendering.rb:30:in `process'
actionpack (5.0.0) lib/action_controller/metal.rb:190:in `dispatch'
actionpack (5.0.0) lib/action_controller/metal.rb:262:in `dispatch'
actionpack (5.0.0) lib/action_dispatch/routing/route_set.rb:50:in `dispatch'
actionpack (5.0.0) lib/action_dispatch/routing/route_set.rb:32:in `serve'
actionpack (5.0.0) lib/action_dispatch/journey/router.rb:39:in `block in serve'
actionpack (5.0.0) lib/action_dispatch/journey/router.rb:26:in `each'
actionpack (5.0.0) lib/action_dispatch/journey/router.rb:26:in `serve'
actionpack (5.0.0) lib/action_dispatch/routing/route_set.rb:725:in `call'
rack (2.0.3) lib/rack/etag.rb:25:in `call'
rack (2.0.3) lib/rack/conditional_get.rb:38:in `call'
rack (2.0.3) lib/rack/head.rb:12:in `call'
rack (2.0.3) lib/rack/session/abstract/id.rb:232:in `context'
rack (2.0.3) lib/rack/session/abstract/id.rb:226:in `call'
actionpack (5.0.0) lib/action_dispatch/middleware/cookies.rb:613:in `call'
activerecord (5.0.0) lib/active_record/migration.rb:552:in `call'
actionpack (5.0.0) lib/action_dispatch/middleware/callbacks.rb:38:in `block in call'
activesupport (5.0.0) lib/active_support/callbacks.rb:97:in `__run_callbacks__'
activesupport (5.0.0) lib/active_support/callbacks.rb:750:in `_run_call_callbacks'
activesupport (5.0.0) lib/active_support/callbacks.rb:90:in `run_callbacks'
actionpack (5.0.0) lib/action_dispatch/middleware/callbacks.rb:36:in `call'
actionpack (5.0.0) lib/action_dispatch/middleware/executor.rb:12:in `call'
actionpack (5.0.0) lib/action_dispatch/middleware/remote_ip.rb:79:in `call'
actionpack (5.0.0) lib/action_dispatch/middleware/debug_exceptions.rb:49:in `call'
web-console (2.3.0) lib/web_console/middleware.rb:28:in `block in call'
web-console (2.3.0) lib/web_console/middleware.rb:18:in `catch'
web-console (2.3.0) lib/web_console/middleware.rb:18:in `call'
actionpack (5.0.0) lib/action_dispatch/middleware/show_exceptions.rb:31:in `call'
railties (5.0.0) lib/rails/rack/logger.rb:36:in `call_app'
railties (5.0.0) lib/rails/rack/logger.rb:24:in `block in call'
activesupport (5.0.0) lib/active_support/tagged_logging.rb:70:in `block in tagged'
activesupport (5.0.0) lib/active_support/tagged_logging.rb:26:in `tagged'
activesupport (5.0.0) lib/active_support/tagged_logging.rb:70:in `tagged'
railties (5.0.0) lib/rails/rack/logger.rb:24:in `call'
sprockets-rails (3.2.0) lib/sprockets/rails/quiet_assets.rb:13:in `call'
actionpack (5.0.0) lib/action_dispatch/middleware/request_id.rb:24:in `call'
rack (2.0.3) lib/rack/method_override.rb:22:in `call'
rack (2.0.3) lib/rack/runtime.rb:22:in `call'
activesupport (5.0.0) lib/active_support/cache/strategy/local_cache_middleware.rb:28:in `call'
actionpack (5.0.0) lib/action_dispatch/middleware/executor.rb:12:in `call'
actionpack (5.0.0) lib/action_dispatch/middleware/static.rb:136:in `call'
rack (2.0.3) lib/rack/sendfile.rb:111:in `call'
railties (5.0.0) lib/rails/engine.rb:522:in `call'
puma (3.4.0) lib/puma/configuration.rb:224:in `call'
puma (3.4.0) lib/puma/server.rb:569:in `handle_request'
puma (3.4.0) lib/puma/server.rb:406:in `process_client'
puma (3.4.0) lib/puma/server.rb:271:in `block in run'
puma (3.4.0) lib/puma/thread_pool.rb:114:in `call'
puma (3.4.0) lib/puma/thread_pool.rb:114:in `block in spawn_thread'
  Rendering /home/andy/.rvm/gems/ruby-2.2.7/gems/actionpack-5.0.0/lib/action_dispatch/middleware/templates/rescues/diagnostics.text.erb
  Rendering /home/andy/.rvm/gems/ruby-2.2.7/gems/actionpack-5.0.0/lib/action_dispatch/middleware/templates/rescues/_source.text.erb
  Rendered /home/andy/.rvm/gems/ruby-2.2.7/gems/actionpack-5.0.0/lib/action_dispatch/middleware/templates/rescues/_source.text.erb (0.5ms)
  Rendering /home/andy/.rvm/gems/ruby-2.2.7/gems/actionpack-5.0.0/lib/action_dispatch/middleware/templates/rescues/_trace.text.erb
  Rendered /home/andy/.rvm/gems/ruby-2.2.7/gems/actionpack-5.0.0/lib/action_dispatch/middleware/templates/rescues/_trace.text.erb (0.4ms)
  Rendering /home/andy/.rvm/gems/ruby-2.2.7/gems/actionpack-5.0.0/lib/action_dispatch/middleware/templates/rescues/_request_and_response.text.erb
  Rendered /home/andy/.rvm/gems/ruby-2.2.7/gems/actionpack-5.0.0/lib/action_dispatch/middleware/templates/rescues/_request_and_response.text.erb (1.3ms)
  Rendered /home/andy/.rvm/gems/ruby-2.2.7/gems/actionpack-5.0.0/lib/action_dispatch/middleware/templates/rescues/diagnostics.text.erb (15.6ms)
DEPRECATION WARNING: Accessing mime types via constants is deprecated. Please change `Mime::HTML` to `Mime[:html]`. (called from const_missing at /home/andy/.rvm/gems/ruby-2.2.7/gems/actionpack-5.0.0/lib/action_dispatch/http/mime_type.rb:52)
Started POST "/punk/login_guest" for 127.0.0.1 at 2017-07-23 15:24:32 -0400
Processing by PunkController#login_guest as */*
Can't verify CSRF token authenticity.
Completed 422 Unprocessable Entity in 1ms (ActiveRecord: 0.0ms)


  
ActionController::InvalidAuthenticityToken (ActionController::InvalidAuthenticityToken):
  
actionpack (5.0.0) lib/action_controller/metal/request_forgery_protection.rb:195:in `handle_unverified_request'
actionpack (5.0.0) lib/action_controller/metal/request_forgery_protection.rb:223:in `handle_unverified_request'
actionpack (5.0.0) lib/action_controller/metal/request_forgery_protection.rb:218:in `verify_authenticity_token'
activesupport (5.0.0) lib/active_support/callbacks.rb:382:in `block in make_lambda'
activesupport (5.0.0) lib/active_support/callbacks.rb:169:in `call'
activesupport (5.0.0) lib/active_support/callbacks.rb:169:in `block (2 levels) in halting'
actionpack (5.0.0) lib/abstract_controller/callbacks.rb:12:in `call'
actionpack (5.0.0) lib/abstract_controller/callbacks.rb:12:in `block (2 levels) in <module:Callbacks>'
activesupport (5.0.0) lib/active_support/callbacks.rb:170:in `call'
activesupport (5.0.0) lib/active_support/callbacks.rb:170:in `block in halting'
activesupport (5.0.0) lib/active_support/callbacks.rb:454:in `call'
activesupport (5.0.0) lib/active_support/callbacks.rb:454:in `block in call'
activesupport (5.0.0) lib/active_support/callbacks.rb:454:in `each'
activesupport (5.0.0) lib/active_support/callbacks.rb:454:in `call'
activesupport (5.0.0) lib/active_support/callbacks.rb:101:in `__run_callbacks__'
activesupport (5.0.0) lib/active_support/callbacks.rb:750:in `_run_process_action_callbacks'
activesupport (5.0.0) lib/active_support/callbacks.rb:90:in `run_callbacks'
actionpack (5.0.0) lib/abstract_controller/callbacks.rb:19:in `process_action'
actionpack (5.0.0) lib/action_controller/metal/rescue.rb:20:in `process_action'
actionpack (5.0.0) lib/action_controller/metal/instrumentation.rb:32:in `block in process_action'
activesupport (5.0.0) lib/active_support/notifications.rb:164:in `block in instrument'
activesupport (5.0.0) lib/active_support/notifications/instrumenter.rb:21:in `instrument'
activesupport (5.0.0) lib/active_support/notifications.rb:164:in `instrument'
actionpack (5.0.0) lib/action_controller/metal/instrumentation.rb:30:in `process_action'
actionpack (5.0.0) lib/action_controller/metal/params_wrapper.rb:248:in `process_action'
activerecord (5.0.0) lib/active_record/railties/controller_runtime.rb:18:in `process_action'
actionpack (5.0.0) lib/abstract_controller/base.rb:126:in `process'
actionview (5.0.0) lib/action_view/rendering.rb:30:in `process'
actionpack (5.0.0) lib/action_controller/metal.rb:190:in `dispatch'
actionpack (5.0.0) lib/action_controller/metal.rb:262:in `dispatch'
actionpack (5.0.0) lib/action_dispatch/routing/route_set.rb:50:in `dispatch'
actionpack (5.0.0) lib/action_dispatch/routing/route_set.rb:32:in `serve'
actionpack (5.0.0) lib/action_dispatch/journey/router.rb:39:in `block in serve'
actionpack (5.0.0) lib/action_dispatch/journey/router.rb:26:in `each'
actionpack (5.0.0) lib/action_dispatch/journey/router.rb:26:in `serve'
actionpack (5.0.0) lib/action_dispatch/routing/route_set.rb:725:in `call'
rack (2.0.3) lib/rack/etag.rb:25:in `call'
rack (2.0.3) lib/rack/conditional_get.rb:38:in `call'
rack (2.0.3) lib/rack/head.rb:12:in `call'
rack (2.0.3) lib/rack/session/abstract/id.rb:232:in `context'
rack (2.0.3) lib/rack/session/abstract/id.rb:226:in `call'
actionpack (5.0.0) lib/action_dispatch/middleware/cookies.rb:613:in `call'
activerecord (5.0.0) lib/active_record/migration.rb:552:in `call'
actionpack (5.0.0) lib/action_dispatch/middleware/callbacks.rb:38:in `block in call'
activesupport (5.0.0) lib/active_support/callbacks.rb:97:in `__run_callbacks__'
activesupport (5.0.0) lib/active_support/callbacks.rb:750:in `_run_call_callbacks'
activesupport (5.0.0) lib/active_support/callbacks.rb:90:in `run_callbacks'
actionpack (5.0.0) lib/action_dispatch/middleware/callbacks.rb:36:in `call'
actionpack (5.0.0) lib/action_dispatch/middleware/executor.rb:12:in `call'
actionpack (5.0.0) lib/action_dispatch/middleware/remote_ip.rb:79:in `call'
actionpack (5.0.0) lib/action_dispatch/middleware/debug_exceptions.rb:49:in `call'
web-console (2.3.0) lib/web_console/middleware.rb:28:in `block in call'
web-console (2.3.0) lib/web_console/middleware.rb:18:in `catch'
web-console (2.3.0) lib/web_console/middleware.rb:18:in `call'
actionpack (5.0.0) lib/action_dispatch/middleware/show_exceptions.rb:31:in `call'
railties (5.0.0) lib/rails/rack/logger.rb:36:in `call_app'
railties (5.0.0) lib/rails/rack/logger.rb:24:in `block in call'
activesupport (5.0.0) lib/active_support/tagged_logging.rb:70:in `block in tagged'
activesupport (5.0.0) lib/active_support/tagged_logging.rb:26:in `tagged'
activesupport (5.0.0) lib/active_support/tagged_logging.rb:70:in `tagged'
railties (5.0.0) lib/rails/rack/logger.rb:24:in `call'
sprockets-rails (3.2.0) lib/sprockets/rails/quiet_assets.rb:13:in `call'
actionpack (5.0.0) lib/action_dispatch/middleware/request_id.rb:24:in `call'
rack (2.0.3) lib/rack/method_override.rb:22:in `call'
rack (2.0.3) lib/rack/runtime.rb:22:in `call'
activesupport (5.0.0) lib/active_support/cache/strategy/local_cache_middleware.rb:28:in `call'
actionpack (5.0.0) lib/action_dispatch/middleware/executor.rb:12:in `call'
actionpack (5.0.0) lib/action_dispatch/middleware/static.rb:136:in `call'
rack (2.0.3) lib/rack/sendfile.rb:111:in `call'
railties (5.0.0) lib/rails/engine.rb:522:in `call'
puma (3.4.0) lib/puma/configuration.rb:224:in `call'
puma (3.4.0) lib/puma/server.rb:569:in `handle_request'
puma (3.4.0) lib/puma/server.rb:406:in `process_client'
puma (3.4.0) lib/puma/server.rb:271:in `block in run'
puma (3.4.0) lib/puma/thread_pool.rb:114:in `call'
puma (3.4.0) lib/puma/thread_pool.rb:114:in `block in spawn_thread'
  Rendering /home/andy/.rvm/gems/ruby-2.2.7/gems/actionpack-5.0.0/lib/action_dispatch/middleware/templates/rescues/diagnostics.text.erb
  Rendering /home/andy/.rvm/gems/ruby-2.2.7/gems/actionpack-5.0.0/lib/action_dispatch/middleware/templates/rescues/_source.text.erb
  Rendered /home/andy/.rvm/gems/ruby-2.2.7/gems/actionpack-5.0.0/lib/action_dispatch/middleware/templates/rescues/_source.text.erb (0.7ms)
  Rendering /home/andy/.rvm/gems/ruby-2.2.7/gems/actionpack-5.0.0/lib/action_dispatch/middleware/templates/rescues/_trace.text.erb
  Rendered /home/andy/.rvm/gems/ruby-2.2.7/gems/actionpack-5.0.0/lib/action_dispatch/middleware/templates/rescues/_trace.text.erb (0.8ms)
  Rendering /home/andy/.rvm/gems/ruby-2.2.7/gems/actionpack-5.0.0/lib/action_dispatch/middleware/templates/rescues/_request_and_response.text.erb
  Rendered /home/andy/.rvm/gems/ruby-2.2.7/gems/actionpack-5.0.0/lib/action_dispatch/middleware/templates/rescues/_request_and_response.text.erb (1.0ms)
  Rendered /home/andy/.rvm/gems/ruby-2.2.7/gems/actionpack-5.0.0/lib/action_dispatch/middleware/templates/rescues/diagnostics.text.erb (16.8ms)
DEPRECATION WARNING: Accessing mime types via constants is deprecated. Please change `Mime::HTML` to `Mime[:html]`. (called from const_missing at /home/andy/.rvm/gems/ruby-2.2.7/gems/actionpack-5.0.0/lib/action_dispatch/http/mime_type.rb:52)
Started GET "/punk/select" for 127.0.0.1 at 2017-07-23 15:25:07 -0400
Processing by PunkController#select_punk as HTML
  Rendering punk/select_punk.html.erb within layouts/application
  [1m[35m (0.5ms)[0m  [1m[34mSELECT COUNT(*) FROM "punks" WHERE "punks"."owner_eth_address" = $1[0m  [["owner_eth_address", "7132c9f36abe62eab74cdfdd08c154c9ae45691b"]]
  Rendered punk/select_punk.html.erb within layouts/application (3.4ms)
  Rendered layouts/_navbar.html.erb (0.3ms)
Completed 200 OK in 66ms (Views: 64.0ms | ActiveRecord: 0.5ms)


Started POST "/punk/login_guest" for 127.0.0.1 at 2017-07-23 15:25:09 -0400
Processing by PunkController#login_guest as */*
Completed 200 OK in 1ms (Views: 0.1ms | ActiveRecord: 0.0ms)


Started GET "/" for 127.0.0.1 at 2017-07-23 15:25:10 -0400
Processing by ParkController#root as HTML
" hellooooo"
true
true
  Rendering park/home.html.erb within layouts/application
  Rendered park/home.html.erb within layouts/application (0.6ms)
  Rendered layouts/_navbar.html.erb (0.3ms)
Completed 200 OK in 49ms (Views: 48.1ms | ActiveRecord: 0.0ms)


Started GET "/" for 127.0.0.1 at 2017-07-23 15:25:12 -0400
Processing by ParkController#root as HTML
" hellooooo"
true
true
  Rendering park/home.html.erb within layouts/application
  Rendered park/home.html.erb within layouts/application (0.2ms)
  Rendered layouts/_navbar.html.erb (0.3ms)
Completed 200 OK in 48ms (Views: 47.9ms | ActiveRecord: 0.0ms)


Started GET "/logout" for 127.0.0.1 at 2017-07-23 15:25:14 -0400
Processing by PunkController#logout_punk as HTML
Redirected to http://localhost:3000/
Completed 302 Found in 1ms (ActiveRecord: 0.0ms)


Started GET "/" for 127.0.0.1 at 2017-07-23 15:25:14 -0400
Processing by ParkController#root as HTML
" hellooooo"
true
true
  Rendering park/landing.html.erb within layouts/application
  Rendered park/landing.html.erb within layouts/application (0.4ms)
  Rendered layouts/_navbar.html.erb (0.3ms)
Completed 200 OK in 51ms (Views: 50.2ms | ActiveRecord: 0.0ms)


Started POST "/punk/auth_into_eth_address" for 127.0.0.1 at 2017-07-23 15:25:40 -0400
Processing by PunkController#auth_into_eth_address as */*
  Parameters: {"signature"=>"0xcc5a0f9edf2008248bf548f35842daa759c61d3091df20fd9d6003cb9e86e64d57f9dd587787cfaf0262aabd4d4cc418d9969eeec648bfec0ba396cb7f24d4731b", "challenge"=>"4b660e4a40444765b71714f90ad6fed0c15d02ea93d62e6dd56a9d803c51a574", "signature_v"=>"1b", "signature_r"=>"cc5a0f9edf2008248bf548f35842daa759c61d3091df20fd9d6003cb9e86e64d", "signature_s"=>"57f9dd587787cfaf0262aabd4d4cc418d9969eeec648bfec0ba396cb7f24d473"}
"authing in with pub addr "
"7132c9f36abe62eab74cdfdd08c154c9ae45691b"
Completed 200 OK in 17ms (Views: 0.4ms | ActiveRecord: 0.0ms)


Started GET "/" for 127.0.0.1 at 2017-07-23 15:28:03 -0400
Processing by ParkController#root as HTML
" hellooooo"
true
true
  Rendering park/home.html.erb within layouts/application
  Rendered park/home.html.erb within layouts/application (1.0ms)
Browserify: /home/andy/dev/punkpark/node_modules/.bin/browserifyinc --list --cachefile=/home/andy/dev/punkpark/tmp/cache/browserify-rails/browserifyinc-cache.json -o "/home/andy/dev/punkpark/tmp/cache/browserify-rails/output20170723-31780-keqzdz" -
Browserify: /home/andy/dev/punkpark/node_modules/.bin/browserifyinc  --cachefile=/home/andy/dev/punkpark/tmp/cache/browserify-rails/browserifyinc-cache.json -o "/home/andy/dev/punkpark/tmp/cache/browserify-rails/output20170723-31780-1eavl21" -
  Rendered layouts/_navbar.html.erb (0.3ms)
Completed 200 OK in 1403ms (Views: 1401.4ms | ActiveRecord: 0.0ms)


Started GET "/logout" for 127.0.0.1 at 2017-07-23 15:28:07 -0400
Processing by PunkController#logout_punk as HTML
Redirected to http://localhost:3000/
Completed 302 Found in 1ms (ActiveRecord: 0.0ms)


Started GET "/" for 127.0.0.1 at 2017-07-23 15:28:07 -0400
Processing by ParkController#root as HTML
" hellooooo"
false
false
  Rendering park/landing.html.erb within layouts/application
  Rendered park/landing.html.erb within layouts/application (0.4ms)
  Rendered layouts/_navbar.html.erb (0.3ms)
Completed 200 OK in 54ms (Views: 53.5ms | ActiveRecord: 0.0ms)


Started POST "/punk/auth_into_eth_address" for 127.0.0.1 at 2017-07-23 15:28:10 -0400
Processing by PunkController#auth_into_eth_address as */*
  Parameters: {"signature"=>"0xcc5a0f9edf2008248bf548f35842daa759c61d3091df20fd9d6003cb9e86e64d57f9dd587787cfaf0262aabd4d4cc418d9969eeec648bfec0ba396cb7f24d4731b", "challenge"=>"4b660e4a40444765b71714f90ad6fed0c15d02ea93d62e6dd56a9d803c51a574", "signature_v"=>"1b", "signature_r"=>"cc5a0f9edf2008248bf548f35842daa759c61d3091df20fd9d6003cb9e86e64d", "signature_s"=>"57f9dd587787cfaf0262aabd4d4cc418d9969eeec648bfec0ba396cb7f24d473"}
"authing in with pub addr "
"7132c9f36abe62eab74cdfdd08c154c9ae45691b"
Completed 200 OK in 16ms (Views: 0.3ms | ActiveRecord: 0.0ms)


Started GET "/" for 127.0.0.1 at 2017-07-23 15:28:33 -0400
Processing by ParkController#root as HTML
" hellooooo"
false
false
Redirected to http://localhost:3000/punk/select
Completed 302 Found in 1ms (ActiveRecord: 0.0ms)


Started GET "/punk/select" for 127.0.0.1 at 2017-07-23 15:28:33 -0400
Processing by PunkController#select_punk as HTML
  Rendering punk/select_punk.html.erb within layouts/application
  [1m[35m (0.3ms)[0m  [1m[34mSELECT COUNT(*) FROM "punks" WHERE "punks"."owner_eth_address" = $1[0m  [["owner_eth_address", "7132c9f36abe62eab74cdfdd08c154c9ae45691b"]]
  Rendered punk/select_punk.html.erb within layouts/application (1.5ms)
Browserify: /home/andy/dev/punkpark/node_modules/.bin/browserifyinc --list --cachefile=/home/andy/dev/punkpark/tmp/cache/browserify-rails/browserifyinc-cache.json -o "/home/andy/dev/punkpark/tmp/cache/browserify-rails/output20170723-31780-16lq1lm" -
Browserify: /home/andy/dev/punkpark/node_modules/.bin/browserifyinc  --cachefile=/home/andy/dev/punkpark/tmp/cache/browserify-rails/browserifyinc-cache.json -o "/home/andy/dev/punkpark/tmp/cache/browserify-rails/output20170723-31780-klmvxz" -
  Rendered layouts/_navbar.html.erb (0.3ms)
Completed 200 OK in 1008ms (Views: 1001.6ms | ActiveRecord: 1.1ms)


Started POST "/punk/login_guest" for 127.0.0.1 at 2017-07-23 15:28:36 -0400
Processing by PunkController#login_guest as */*
Completed 200 OK in 1ms (Views: 0.2ms | ActiveRecord: 0.0ms)


Started GET "/" for 127.0.0.1 at 2017-07-23 15:28:36 -0400
Processing by ParkController#root as HTML
" hellooooo"
true
true
  Rendering park/home.html.erb within layouts/application
  Rendered park/home.html.erb within layouts/application (0.3ms)
  Rendered layouts/_navbar.html.erb (0.3ms)
Completed 200 OK in 61ms (Views: 60.2ms | ActiveRecord: 0.0ms)


Started GET "/logout" for 127.0.0.1 at 2017-07-23 15:28:38 -0400
Processing by PunkController#logout_punk as HTML
Redirected to http://localhost:3000/
Completed 302 Found in 1ms (ActiveRecord: 0.0ms)


Started GET "/" for 127.0.0.1 at 2017-07-23 15:28:38 -0400
Processing by ParkController#root as HTML
" hellooooo"
false
false
  Rendering park/landing.html.erb within layouts/application
  Rendered park/landing.html.erb within layouts/application (0.5ms)
  Rendered layouts/_navbar.html.erb (0.3ms)
Completed 200 OK in 54ms (Views: 53.8ms | ActiveRecord: 0.0ms)


Started POST "/punk/auth_into_eth_address" for 127.0.0.1 at 2017-07-23 15:28:41 -0400
Processing by PunkController#auth_into_eth_address as */*
  Parameters: {"signature"=>"0xcc5a0f9edf2008248bf548f35842daa759c61d3091df20fd9d6003cb9e86e64d57f9dd587787cfaf0262aabd4d4cc418d9969eeec648bfec0ba396cb7f24d4731b", "challenge"=>"4b660e4a40444765b71714f90ad6fed0c15d02ea93d62e6dd56a9d803c51a574", "signature_v"=>"1b", "signature_r"=>"cc5a0f9edf2008248bf548f35842daa759c61d3091df20fd9d6003cb9e86e64d", "signature_s"=>"57f9dd587787cfaf0262aabd4d4cc418d9969eeec648bfec0ba396cb7f24d473"}
"authing in with pub addr "
"7132c9f36abe62eab74cdfdd08c154c9ae45691b"
Completed 200 OK in 13ms (Views: 0.4ms | ActiveRecord: 0.0ms)


Started GET "/" for 127.0.0.1 at 2017-07-23 15:28:41 -0400
Processing by ParkController#root as HTML
" hellooooo"
false
false
Redirected to http://localhost:3000/punk/select
Completed 302 Found in 1ms (ActiveRecord: 0.0ms)


Started GET "/punk/select" for 127.0.0.1 at 2017-07-23 15:28:41 -0400
Processing by PunkController#select_punk as HTML
  Rendering punk/select_punk.html.erb within layouts/application
  [1m[35m (0.6ms)[0m  [1m[34mSELECT COUNT(*) FROM "punks" WHERE "punks"."owner_eth_address" = $1[0m  [["owner_eth_address", "7132c9f36abe62eab74cdfdd08c154c9ae45691b"]]
  Rendered punk/select_punk.html.erb within layouts/application (3.2ms)
  Rendered layouts/_navbar.html.erb (0.4ms)
Completed 200 OK in 92ms (Views: 89.6ms | ActiveRecord: 0.6ms)


Started POST "/punk/login_guest" for 127.0.0.1 at 2017-07-23 15:28:50 -0400
Processing by PunkController#login_guest as */*
Completed 200 OK in 1ms (Views: 0.3ms | ActiveRecord: 0.0ms)


Started GET "/" for 127.0.0.1 at 2017-07-23 15:28:50 -0400
Processing by ParkController#root as HTML
" hellooooo"
true
true
  Rendering park/home.html.erb within layouts/application
  Rendered park/home.html.erb within layouts/application (0.4ms)
  Rendered layouts/_navbar.html.erb (0.3ms)
Completed 200 OK in 48ms (Views: 47.1ms | ActiveRecord: 0.0ms)


Started GET "/punk/select" for 127.0.0.1 at 2017-07-23 15:33:33 -0400
Processing by PunkController#select_punk as HTML
  Rendering punk/select_punk.html.erb within layouts/application
  [1m[35m (0.5ms)[0m  [1m[34mSELECT COUNT(*) FROM "punks" WHERE "punks"."owner_eth_address" = $1[0m  [["owner_eth_address", "7132c9f36abe62eab74cdfdd08c154c9ae45691b"]]
  Rendered punk/select_punk.html.erb within layouts/application (2.8ms)
  Rendered layouts/_navbar.html.erb (0.3ms)
Completed 200 OK in 75ms (Views: 64.8ms | ActiveRecord: 1.7ms)


Started POST "/punk/login_guest" for 127.0.0.1 at 2017-07-23 15:33:38 -0400
Processing by PunkController#login_guest as */*
Completed 200 OK in 1ms (Views: 0.1ms | ActiveRecord: 0.0ms)


Started GET "/" for 127.0.0.1 at 2017-07-23 15:33:38 -0400
Processing by ParkController#root as HTML
" hellooooo"
true
true
  Rendering park/home.html.erb within layouts/application
  Rendered park/home.html.erb within layouts/application (0.4ms)
  Rendered layouts/_navbar.html.erb (0.6ms)
Completed 200 OK in 62ms (Views: 61.4ms | ActiveRecord: 0.0ms)


Started GET "/" for 127.0.0.1 at 2017-07-23 15:34:43 -0400
Processing by ParkController#root as HTML
" hellooooo"
true
true
  Rendering park/home.html.erb within layouts/application
  Rendered park/home.html.erb within layouts/application (0.5ms)
  Rendered layouts/_navbar.html.erb (0.4ms)
Completed 200 OK in 56ms (Views: 55.0ms | ActiveRecord: 0.0ms)


Started GET "/" for 127.0.0.1 at 2017-07-23 15:35:33 -0400
Processing by ParkController#root as HTML
" hellooooo"
true
true
  Rendering park/home.html.erb within layouts/application
  Rendered park/home.html.erb within layouts/application (0.4ms)
  Rendered layouts/_navbar.html.erb (0.6ms)
Completed 200 OK in 46ms (Views: 45.2ms | ActiveRecord: 0.0ms)


Started GET "/" for 127.0.0.1 at 2017-07-23 15:35:47 -0400
Processing by ParkController#root as HTML
" hellooooo"
true
true
  Rendering park/home.html.erb within layouts/application
  Rendered park/home.html.erb within layouts/application (0.6ms)
  Rendered layouts/_navbar.html.erb (0.4ms)
Completed 200 OK in 96ms (Views: 94.7ms | ActiveRecord: 0.0ms)


Started GET "/" for 127.0.0.1 at 2017-07-23 15:50:24 -0400
Processing by ParkController#root as HTML
" hellooooo"
true
true
  Rendering park/home.html.erb within layouts/application
  Rendered park/home.html.erb within layouts/application (1.1ms)
  Rendered layouts/_navbar.html.erb (0.4ms)
Completed 200 OK in 71ms (Views: 70.1ms | ActiveRecord: 0.0ms)


Started GET "/" for 127.0.0.1 at 2017-07-23 15:51:37 -0400
Processing by ParkController#root as HTML
" hellooooo"
true
true
  Rendering park/home.html.erb within layouts/application
  Rendered park/home.html.erb within layouts/application (0.2ms)
  Rendered layouts/_navbar.html.erb (0.8ms)
Completed 200 OK in 3285ms (Views: 3284.5ms | ActiveRecord: 0.0ms)


Started GET "/" for 127.0.0.1 at 2017-07-23 16:02:12 -0400
Processing by ParkController#root as HTML
" hellooooo"
true
true
  Rendering park/home.html.erb within layouts/application
  Rendered park/home.html.erb within layouts/application (0.4ms)
  Rendered layouts/_navbar.html.erb (0.5ms)
Completed 200 OK in 53ms (Views: 51.9ms | ActiveRecord: 0.0ms)


Started GET "/" for 127.0.0.1 at 2017-07-23 16:18:59 -0400
Processing by ParkController#root as HTML
" hellooooo"
true
true
  Rendering park/home.html.erb within layouts/application
  Rendered park/home.html.erb within layouts/application (0.3ms)
  Rendered layouts/_navbar.html.erb (0.4ms)
Completed 200 OK in 53ms (Views: 52.4ms | ActiveRecord: 0.0ms)


Started GET "/" for 127.0.0.1 at 2017-07-23 16:19:27 -0400
Processing by ParkController#root as HTML
" hellooooo"
true
true
  Rendering park/home.html.erb within layouts/application
  Rendered park/home.html.erb within layouts/application (8.4ms)
  Rendered layouts/_navbar.html.erb (0.5ms)
Completed 200 OK in 2416ms (Views: 2415.3ms | ActiveRecord: 0.0ms)


Started GET "/" for 127.0.0.1 at 2017-07-23 16:19:50 -0400
Processing by ParkController#root as HTML
" hellooooo"
true
true
  Rendering park/home.html.erb within layouts/application
  Rendered park/home.html.erb within layouts/application (0.4ms)
  Rendered layouts/_navbar.html.erb (0.6ms)
Completed 200 OK in 3613ms (Views: 3612.5ms | ActiveRecord: 0.0ms)


Started GET "/" for 127.0.0.1 at 2017-07-23 16:20:02 -0400
Processing by ParkController#root as HTML
" hellooooo"
true
true
  Rendering park/home.html.erb within layouts/application
  Rendered park/home.html.erb within layouts/application (0.4ms)
  Rendered layouts/_navbar.html.erb (0.4ms)
Completed 200 OK in 2929ms (Views: 2928.4ms | ActiveRecord: 0.0ms)


Started GET "/" for 127.0.0.1 at 2017-07-23 16:20:34 -0400
Processing by ParkController#root as HTML
" hellooooo"
true
true
  Rendering park/home.html.erb within layouts/application
  Rendered park/home.html.erb within layouts/application (0.9ms)
  Rendered layouts/_navbar.html.erb (0.7ms)
Completed 200 OK in 2840ms (Views: 2838.2ms | ActiveRecord: 0.0ms)


Started GET "/" for 127.0.0.1 at 2017-07-23 16:21:06 -0400
Processing by ParkController#root as HTML
" hellooooo"
true
true
  Rendering park/home.html.erb within layouts/application
  Rendered park/home.html.erb within layouts/application (0.6ms)
  Rendered layouts/_navbar.html.erb (0.7ms)
Completed 200 OK in 2783ms (Views: 2782.0ms | ActiveRecord: 0.0ms)


Started GET "/" for 127.0.0.1 at 2017-07-23 16:21:48 -0400
Processing by ParkController#root as HTML
" hellooooo"
true
true
  Rendering park/home.html.erb within layouts/application
  Rendered park/home.html.erb within layouts/application (0.5ms)
  Rendered layouts/_navbar.html.erb (0.4ms)
Completed 200 OK in 2785ms (Views: 2784.0ms | ActiveRecord: 0.0ms)


